  Scanning sources for module dependencies...
  math_helpers.h
  Compiling...
  math_helpers.h
  bmp_gen.cpp
  fps_counter.cpp
  graphic_structs.cpp
C:\Users\jagri\Documents\work\programming\cpp\graphics\graphics\graphic_structs.cpp(29,16): warning C4244: 'return': conversion from 'double' to 'float', possible loss of data
  main.cpp
C:\Users\jagri\Documents\work\programming\cpp\graphics\graphics\main.cpp(44,49): warning C4244: 'argument': conversion from 'double' to 'float', possible loss of data
C:\Users\jagri\Documents\work\programming\cpp\graphics\graphics\main.cpp(45,38): warning C4244: '+=': conversion from 'double' to 'float', possible loss of data
C:\Users\jagri\Documents\work\programming\cpp\graphics\graphics\main.cpp(47,64): warning C4244: 'argument': conversion from 'double' to 'float', possible loss of data
C:\Users\jagri\Documents\work\programming\cpp\graphics\graphics\main.cpp(82,11): warning C4101: 'distance': unreferenced local variable
C:\Users\jagri\Documents\work\programming\cpp\graphics\graphics\main.cpp(79,11): warning C4101: 'mouse_x': unreferenced local variable
C:\Users\jagri\Documents\work\programming\cpp\graphics\graphics\main.cpp(80,11): warning C4101: 'mouse_y': unreferenced local variable
  math_helpers.cpp
C:\Users\jagri\Documents\work\programming\cpp\graphics\graphics\math_helpers.cpp(19,50): warning C4244: 'return': conversion from 'float' to 'uint8_t', possible loss of data
  ppm_reader.cpp
C:\Users\jagri\Documents\work\programming\cpp\graphics\graphics\ppm_reader.cpp(3,29): warning C4067: unexpected tokens following preprocessor directive - expected a newline
  render_funcs.cpp
C:\Users\jagri\Documents\work\programming\cpp\graphics\graphics\render_funcs.cpp(108,36): warning C4804: '<=': unsafe use of type 'bool' in operation
C:\Users\jagri\Documents\work\programming\cpp\graphics\graphics\render_funcs.cpp(189,51): warning C4267: 'argument': conversion from 'size_t' to 'int', possible loss of data
C:\Users\jagri\Documents\work\programming\cpp\graphics\graphics\render_funcs.cpp(195,9): warning C4101: 'pitch': unreferenced local variable
C:\Users\jagri\Documents\work\programming\cpp\graphics\graphics\render_funcs.cpp(194,11): warning C4101: 'pixels': unreferenced local variable
  vector_funcs.cpp
  Generating code
  Previous IPDB was built with incompatible compiler, fall back to full compilation.
  All 735 functions were compiled because no usable IPDB/IOBJ from previous compilation was found.
  Finished generating code
  graphics.vcxproj -> C:\Users\jagri\Documents\work\programming\cpp\graphics\x64\Release\graphics.exe
