c:\users\jagri\documents\work\programming\cpp\graphics\graphics\x64\debug\vc143.pdb
c:\users\jagri\documents\work\programming\cpp\graphics\graphics\x64\debug\vc143.idb
c:\users\jagri\documents\work\programming\cpp\graphics\graphics\x64\debug\vector_funcs.obj
c:\users\jagri\documents\work\programming\cpp\graphics\graphics\x64\debug\main.obj
c:\users\jagri\documents\work\programming\cpp\graphics\graphics\x64\debug\graphic_structs.obj
c:\users\jagri\documents\work\programming\cpp\graphics\graphics\x64\debug\bmp_gen.obj
c:\users\jagri\documents\work\programming\cpp\graphics\graphics\x64\debug\graphics.ilk
c:\users\jagri\documents\work\programming\cpp\graphics\x64\debug\graphics.exe
c:\users\jagri\documents\work\programming\cpp\graphics\x64\debug\graphics.pdb
c:\users\jagri\documents\work\programming\cpp\graphics\graphics\x64\debug\graphics.pdb
c:\users\jagri\documents\work\programming\cpp\graphics\graphics\x64\debug\graphics.tlog\cl.command.1.tlog
c:\users\jagri\documents\work\programming\cpp\graphics\graphics\x64\debug\graphics.tlog\cl.items.tlog
c:\users\jagri\documents\work\programming\cpp\graphics\graphics\x64\debug\graphics.tlog\cl.read.1.tlog
c:\users\jagri\documents\work\programming\cpp\graphics\graphics\x64\debug\graphics.tlog\cl.write.1.tlog
c:\users\jagri\documents\work\programming\cpp\graphics\graphics\x64\debug\graphics.tlog\icx-cl-clang-cl-clang-offload-bundler-llvm-objcopy.delete.1.tlog
c:\users\jagri\documents\work\programming\cpp\graphics\graphics\x64\debug\graphics.tlog\icx-cl-clang-cl-clang-offload-bundler-llvm-objcopy.read.1.tlog
c:\users\jagri\documents\work\programming\cpp\graphics\graphics\x64\debug\graphics.tlog\icx-cl-clang-cl-clang-offload-bundler-llvm-objcopy.write.1.tlog
c:\users\jagri\documents\work\programming\cpp\graphics\graphics\x64\debug\graphics.tlog\icx-cl-clang-cl-clang-offload-bundler.71896-llvm-objcopy.delete.1.tlog
c:\users\jagri\documents\work\programming\cpp\graphics\graphics\x64\debug\graphics.tlog\icx-cl-clang-cl-clang-offload-bundler.71896-llvm-objcopy.read.1.tlog
c:\users\jagri\documents\work\programming\cpp\graphics\graphics\x64\debug\graphics.tlog\icx-cl-clang-cl-clang-offload-bundler.71896-llvm-objcopy.write.1.tlog
c:\users\jagri\documents\work\programming\cpp\graphics\graphics\x64\debug\graphics.tlog\icx-cl-clang-cl-clang-offload-bundler.71896.read.1.tlog
c:\users\jagri\documents\work\programming\cpp\graphics\graphics\x64\debug\graphics.tlog\icx-cl-clang-cl-clang-offload-bundler.71896.write.1.tlog
c:\users\jagri\documents\work\programming\cpp\graphics\graphics\x64\debug\graphics.tlog\icx-cl-clang-cl-clang-offload-bundler.72192-llvm-objcopy.delete.1.tlog
c:\users\jagri\documents\work\programming\cpp\graphics\graphics\x64\debug\graphics.tlog\icx-cl-clang-cl-clang-offload-bundler.72192-llvm-objcopy.read.1.tlog
c:\users\jagri\documents\work\programming\cpp\graphics\graphics\x64\debug\graphics.tlog\icx-cl-clang-cl-clang-offload-bundler.72192-llvm-objcopy.write.1.tlog
c:\users\jagri\documents\work\programming\cpp\graphics\graphics\x64\debug\graphics.tlog\icx-cl-clang-cl-clang-offload-bundler.72192.read.1.tlog
c:\users\jagri\documents\work\programming\cpp\graphics\graphics\x64\debug\graphics.tlog\icx-cl-clang-cl-clang-offload-bundler.72192.write.1.tlog
c:\users\jagri\documents\work\programming\cpp\graphics\graphics\x64\debug\graphics.tlog\icx-cl-clang-cl-clang-offload-bundler.81056-llvm-objcopy.delete.1.tlog
c:\users\jagri\documents\work\programming\cpp\graphics\graphics\x64\debug\graphics.tlog\icx-cl-clang-cl-clang-offload-bundler.81056-llvm-objcopy.read.1.tlog
c:\users\jagri\documents\work\programming\cpp\graphics\graphics\x64\debug\graphics.tlog\icx-cl-clang-cl-clang-offload-bundler.81056-llvm-objcopy.write.1.tlog
c:\users\jagri\documents\work\programming\cpp\graphics\graphics\x64\debug\graphics.tlog\icx-cl-clang-cl-clang-offload-bundler.81056.read.1.tlog
c:\users\jagri\documents\work\programming\cpp\graphics\graphics\x64\debug\graphics.tlog\icx-cl-clang-cl-clang-offload-bundler.81056.write.1.tlog
c:\users\jagri\documents\work\programming\cpp\graphics\graphics\x64\debug\graphics.tlog\icx-cl-clang-cl-clang-offload-bundler.read.1.tlog
c:\users\jagri\documents\work\programming\cpp\graphics\graphics\x64\debug\graphics.tlog\icx-cl-clang-cl-clang-offload-bundler.write.1.tlog
c:\users\jagri\documents\work\programming\cpp\graphics\graphics\x64\debug\graphics.tlog\icx-cl-clang-cl.14904.delete.1.tlog
c:\users\jagri\documents\work\programming\cpp\graphics\graphics\x64\debug\graphics.tlog\icx-cl-clang-cl.14904.read.1.tlog
c:\users\jagri\documents\work\programming\cpp\graphics\graphics\x64\debug\graphics.tlog\icx-cl-clang-cl.14904.write.1.tlog
c:\users\jagri\documents\work\programming\cpp\graphics\graphics\x64\debug\graphics.tlog\icx-cl-clang-cl.192.delete.1.tlog
c:\users\jagri\documents\work\programming\cpp\graphics\graphics\x64\debug\graphics.tlog\icx-cl-clang-cl.192.read.1.tlog
c:\users\jagri\documents\work\programming\cpp\graphics\graphics\x64\debug\graphics.tlog\icx-cl-clang-cl.192.write.1.tlog
c:\users\jagri\documents\work\programming\cpp\graphics\graphics\x64\debug\graphics.tlog\icx-cl-clang-cl.24712.delete.1.tlog
c:\users\jagri\documents\work\programming\cpp\graphics\graphics\x64\debug\graphics.tlog\icx-cl-clang-cl.24712.read.1.tlog
c:\users\jagri\documents\work\programming\cpp\graphics\graphics\x64\debug\graphics.tlog\icx-cl-clang-cl.24712.write.1.tlog
c:\users\jagri\documents\work\programming\cpp\graphics\graphics\x64\debug\graphics.tlog\icx-cl-clang-cl.30716.read.1.tlog
c:\users\jagri\documents\work\programming\cpp\graphics\graphics\x64\debug\graphics.tlog\icx-cl-clang-cl.30716.write.1.tlog
c:\users\jagri\documents\work\programming\cpp\graphics\graphics\x64\debug\graphics.tlog\icx-cl-clang-cl.34884.delete.1.tlog
c:\users\jagri\documents\work\programming\cpp\graphics\graphics\x64\debug\graphics.tlog\icx-cl-clang-cl.34884.read.1.tlog
c:\users\jagri\documents\work\programming\cpp\graphics\graphics\x64\debug\graphics.tlog\icx-cl-clang-cl.34884.write.1.tlog
c:\users\jagri\documents\work\programming\cpp\graphics\graphics\x64\debug\graphics.tlog\icx-cl-clang-cl.39824.delete.1.tlog
c:\users\jagri\documents\work\programming\cpp\graphics\graphics\x64\debug\graphics.tlog\icx-cl-clang-cl.39824.read.1.tlog
c:\users\jagri\documents\work\programming\cpp\graphics\graphics\x64\debug\graphics.tlog\icx-cl-clang-cl.39824.write.1.tlog
c:\users\jagri\documents\work\programming\cpp\graphics\graphics\x64\debug\graphics.tlog\icx-cl-clang-cl.42636.delete.1.tlog
c:\users\jagri\documents\work\programming\cpp\graphics\graphics\x64\debug\graphics.tlog\icx-cl-clang-cl.42636.read.1.tlog
c:\users\jagri\documents\work\programming\cpp\graphics\graphics\x64\debug\graphics.tlog\icx-cl-clang-cl.42636.write.1.tlog
c:\users\jagri\documents\work\programming\cpp\graphics\graphics\x64\debug\graphics.tlog\icx-cl-clang-cl.43124.delete.1.tlog
c:\users\jagri\documents\work\programming\cpp\graphics\graphics\x64\debug\graphics.tlog\icx-cl-clang-cl.43124.read.1.tlog
c:\users\jagri\documents\work\programming\cpp\graphics\graphics\x64\debug\graphics.tlog\icx-cl-clang-cl.43124.write.1.tlog
c:\users\jagri\documents\work\programming\cpp\graphics\graphics\x64\debug\graphics.tlog\icx-cl-clang-cl.45840.delete.1.tlog
c:\users\jagri\documents\work\programming\cpp\graphics\graphics\x64\debug\graphics.tlog\icx-cl-clang-cl.45840.read.1.tlog
c:\users\jagri\documents\work\programming\cpp\graphics\graphics\x64\debug\graphics.tlog\icx-cl-clang-cl.45840.write.1.tlog
c:\users\jagri\documents\work\programming\cpp\graphics\graphics\x64\debug\graphics.tlog\icx-cl-clang-cl.46760.delete.1.tlog
c:\users\jagri\documents\work\programming\cpp\graphics\graphics\x64\debug\graphics.tlog\icx-cl-clang-cl.46760.read.1.tlog
c:\users\jagri\documents\work\programming\cpp\graphics\graphics\x64\debug\graphics.tlog\icx-cl-clang-cl.46760.write.1.tlog
c:\users\jagri\documents\work\programming\cpp\graphics\graphics\x64\debug\graphics.tlog\icx-cl-clang-cl.54604.delete.1.tlog
c:\users\jagri\documents\work\programming\cpp\graphics\graphics\x64\debug\graphics.tlog\icx-cl-clang-cl.54604.read.1.tlog
c:\users\jagri\documents\work\programming\cpp\graphics\graphics\x64\debug\graphics.tlog\icx-cl-clang-cl.54604.write.1.tlog
c:\users\jagri\documents\work\programming\cpp\graphics\graphics\x64\debug\graphics.tlog\icx-cl-clang-cl.54640.delete.1.tlog
c:\users\jagri\documents\work\programming\cpp\graphics\graphics\x64\debug\graphics.tlog\icx-cl-clang-cl.54640.read.1.tlog
c:\users\jagri\documents\work\programming\cpp\graphics\graphics\x64\debug\graphics.tlog\icx-cl-clang-cl.54640.write.1.tlog
c:\users\jagri\documents\work\programming\cpp\graphics\graphics\x64\debug\graphics.tlog\icx-cl-clang-cl.55060.delete.1.tlog
c:\users\jagri\documents\work\programming\cpp\graphics\graphics\x64\debug\graphics.tlog\icx-cl-clang-cl.55060.read.1.tlog
c:\users\jagri\documents\work\programming\cpp\graphics\graphics\x64\debug\graphics.tlog\icx-cl-clang-cl.55060.write.1.tlog
c:\users\jagri\documents\work\programming\cpp\graphics\graphics\x64\debug\graphics.tlog\icx-cl-clang-cl.55136.delete.1.tlog
c:\users\jagri\documents\work\programming\cpp\graphics\graphics\x64\debug\graphics.tlog\icx-cl-clang-cl.55136.read.1.tlog
c:\users\jagri\documents\work\programming\cpp\graphics\graphics\x64\debug\graphics.tlog\icx-cl-clang-cl.55136.write.1.tlog
c:\users\jagri\documents\work\programming\cpp\graphics\graphics\x64\debug\graphics.tlog\icx-cl-clang-cl.60272.delete.1.tlog
c:\users\jagri\documents\work\programming\cpp\graphics\graphics\x64\debug\graphics.tlog\icx-cl-clang-cl.60272.read.1.tlog
c:\users\jagri\documents\work\programming\cpp\graphics\graphics\x64\debug\graphics.tlog\icx-cl-clang-cl.60272.write.1.tlog
c:\users\jagri\documents\work\programming\cpp\graphics\graphics\x64\debug\graphics.tlog\icx-cl-clang-cl.67132.delete.1.tlog
c:\users\jagri\documents\work\programming\cpp\graphics\graphics\x64\debug\graphics.tlog\icx-cl-clang-cl.67132.read.1.tlog
c:\users\jagri\documents\work\programming\cpp\graphics\graphics\x64\debug\graphics.tlog\icx-cl-clang-cl.67132.write.1.tlog
c:\users\jagri\documents\work\programming\cpp\graphics\graphics\x64\debug\graphics.tlog\icx-cl-clang-cl.70164.delete.1.tlog
c:\users\jagri\documents\work\programming\cpp\graphics\graphics\x64\debug\graphics.tlog\icx-cl-clang-cl.70164.read.1.tlog
c:\users\jagri\documents\work\programming\cpp\graphics\graphics\x64\debug\graphics.tlog\icx-cl-clang-cl.70164.write.1.tlog
c:\users\jagri\documents\work\programming\cpp\graphics\graphics\x64\debug\graphics.tlog\icx-cl-clang-cl.74028.delete.1.tlog
c:\users\jagri\documents\work\programming\cpp\graphics\graphics\x64\debug\graphics.tlog\icx-cl-clang-cl.74028.read.1.tlog
c:\users\jagri\documents\work\programming\cpp\graphics\graphics\x64\debug\graphics.tlog\icx-cl-clang-cl.74028.write.1.tlog
c:\users\jagri\documents\work\programming\cpp\graphics\graphics\x64\debug\graphics.tlog\icx-cl-clang-cl.76784.delete.1.tlog
c:\users\jagri\documents\work\programming\cpp\graphics\graphics\x64\debug\graphics.tlog\icx-cl-clang-cl.76784.read.1.tlog
c:\users\jagri\documents\work\programming\cpp\graphics\graphics\x64\debug\graphics.tlog\icx-cl-clang-cl.76784.write.1.tlog
c:\users\jagri\documents\work\programming\cpp\graphics\graphics\x64\debug\graphics.tlog\icx-cl-clang-cl.80428.delete.1.tlog
c:\users\jagri\documents\work\programming\cpp\graphics\graphics\x64\debug\graphics.tlog\icx-cl-clang-cl.80428.read.1.tlog
c:\users\jagri\documents\work\programming\cpp\graphics\graphics\x64\debug\graphics.tlog\icx-cl-clang-cl.80428.write.1.tlog
c:\users\jagri\documents\work\programming\cpp\graphics\graphics\x64\debug\graphics.tlog\icx-cl-clang-cl.9116.delete.1.tlog
c:\users\jagri\documents\work\programming\cpp\graphics\graphics\x64\debug\graphics.tlog\icx-cl-clang-cl.9116.read.1.tlog
c:\users\jagri\documents\work\programming\cpp\graphics\graphics\x64\debug\graphics.tlog\icx-cl-clang-cl.9116.write.1.tlog
c:\users\jagri\documents\work\programming\cpp\graphics\graphics\x64\debug\graphics.tlog\icx-cl-clang-cl.read.1.tlog
c:\users\jagri\documents\work\programming\cpp\graphics\graphics\x64\debug\graphics.tlog\icx-cl-clang-cl.write.1.tlog
c:\users\jagri\documents\work\programming\cpp\graphics\graphics\x64\debug\graphics.tlog\icx-cl.command.1.tlog
c:\users\jagri\documents\work\programming\cpp\graphics\graphics\x64\debug\graphics.tlog\icx-cl.read.1.tlog
c:\users\jagri\documents\work\programming\cpp\graphics\graphics\x64\debug\graphics.tlog\icx-cl.write.1.tlog
c:\users\jagri\documents\work\programming\cpp\graphics\graphics\x64\debug\graphics.tlog\link-icx-cl-clang-cl-clang-offload-bundler.10052.read.1.tlog
c:\users\jagri\documents\work\programming\cpp\graphics\graphics\x64\debug\graphics.tlog\link-icx-cl-clang-cl-clang-offload-bundler.10692.read.1.tlog
c:\users\jagri\documents\work\programming\cpp\graphics\graphics\x64\debug\graphics.tlog\link-icx-cl-clang-cl-clang-offload-bundler.10752-llvm-objcopy.delete.1.tlog
c:\users\jagri\documents\work\programming\cpp\graphics\graphics\x64\debug\graphics.tlog\link-icx-cl-clang-cl-clang-offload-bundler.10752-llvm-objcopy.read.1.tlog
c:\users\jagri\documents\work\programming\cpp\graphics\graphics\x64\debug\graphics.tlog\link-icx-cl-clang-cl-clang-offload-bundler.10752-llvm-objcopy.write.1.tlog
c:\users\jagri\documents\work\programming\cpp\graphics\graphics\x64\debug\graphics.tlog\link-icx-cl-clang-cl-clang-offload-bundler.10752.read.1.tlog
c:\users\jagri\documents\work\programming\cpp\graphics\graphics\x64\debug\graphics.tlog\link-icx-cl-clang-cl-clang-offload-bundler.10752.write.1.tlog
c:\users\jagri\documents\work\programming\cpp\graphics\graphics\x64\debug\graphics.tlog\link-icx-cl-clang-cl-clang-offload-bundler.13180-llvm-objcopy.delete.1.tlog
c:\users\jagri\documents\work\programming\cpp\graphics\graphics\x64\debug\graphics.tlog\link-icx-cl-clang-cl-clang-offload-bundler.13180-llvm-objcopy.read.1.tlog
c:\users\jagri\documents\work\programming\cpp\graphics\graphics\x64\debug\graphics.tlog\link-icx-cl-clang-cl-clang-offload-bundler.13180-llvm-objcopy.write.1.tlog
c:\users\jagri\documents\work\programming\cpp\graphics\graphics\x64\debug\graphics.tlog\link-icx-cl-clang-cl-clang-offload-bundler.13180.read.1.tlog
c:\users\jagri\documents\work\programming\cpp\graphics\graphics\x64\debug\graphics.tlog\link-icx-cl-clang-cl-clang-offload-bundler.13180.write.1.tlog
c:\users\jagri\documents\work\programming\cpp\graphics\graphics\x64\debug\graphics.tlog\link-icx-cl-clang-cl-clang-offload-bundler.13888-llvm-objcopy.delete.1.tlog
c:\users\jagri\documents\work\programming\cpp\graphics\graphics\x64\debug\graphics.tlog\link-icx-cl-clang-cl-clang-offload-bundler.13888-llvm-objcopy.read.1.tlog
c:\users\jagri\documents\work\programming\cpp\graphics\graphics\x64\debug\graphics.tlog\link-icx-cl-clang-cl-clang-offload-bundler.13888-llvm-objcopy.write.1.tlog
c:\users\jagri\documents\work\programming\cpp\graphics\graphics\x64\debug\graphics.tlog\link-icx-cl-clang-cl-clang-offload-bundler.13888.read.1.tlog
c:\users\jagri\documents\work\programming\cpp\graphics\graphics\x64\debug\graphics.tlog\link-icx-cl-clang-cl-clang-offload-bundler.13888.write.1.tlog
c:\users\jagri\documents\work\programming\cpp\graphics\graphics\x64\debug\graphics.tlog\link-icx-cl-clang-cl-clang-offload-bundler.17160-llvm-objcopy.delete.1.tlog
c:\users\jagri\documents\work\programming\cpp\graphics\graphics\x64\debug\graphics.tlog\link-icx-cl-clang-cl-clang-offload-bundler.17160-llvm-objcopy.read.1.tlog
c:\users\jagri\documents\work\programming\cpp\graphics\graphics\x64\debug\graphics.tlog\link-icx-cl-clang-cl-clang-offload-bundler.17160-llvm-objcopy.write.1.tlog
c:\users\jagri\documents\work\programming\cpp\graphics\graphics\x64\debug\graphics.tlog\link-icx-cl-clang-cl-clang-offload-bundler.17160.read.1.tlog
c:\users\jagri\documents\work\programming\cpp\graphics\graphics\x64\debug\graphics.tlog\link-icx-cl-clang-cl-clang-offload-bundler.17160.write.1.tlog
c:\users\jagri\documents\work\programming\cpp\graphics\graphics\x64\debug\graphics.tlog\link-icx-cl-clang-cl-clang-offload-bundler.17308-llvm-objcopy.delete.1.tlog
c:\users\jagri\documents\work\programming\cpp\graphics\graphics\x64\debug\graphics.tlog\link-icx-cl-clang-cl-clang-offload-bundler.17308-llvm-objcopy.read.1.tlog
c:\users\jagri\documents\work\programming\cpp\graphics\graphics\x64\debug\graphics.tlog\link-icx-cl-clang-cl-clang-offload-bundler.17308-llvm-objcopy.write.1.tlog
c:\users\jagri\documents\work\programming\cpp\graphics\graphics\x64\debug\graphics.tlog\link-icx-cl-clang-cl-clang-offload-bundler.17308.read.1.tlog
c:\users\jagri\documents\work\programming\cpp\graphics\graphics\x64\debug\graphics.tlog\link-icx-cl-clang-cl-clang-offload-bundler.17308.write.1.tlog
c:\users\jagri\documents\work\programming\cpp\graphics\graphics\x64\debug\graphics.tlog\link-icx-cl-clang-cl-clang-offload-bundler.17520-llvm-objcopy.delete.1.tlog
c:\users\jagri\documents\work\programming\cpp\graphics\graphics\x64\debug\graphics.tlog\link-icx-cl-clang-cl-clang-offload-bundler.17520-llvm-objcopy.read.1.tlog
c:\users\jagri\documents\work\programming\cpp\graphics\graphics\x64\debug\graphics.tlog\link-icx-cl-clang-cl-clang-offload-bundler.17520-llvm-objcopy.write.1.tlog
c:\users\jagri\documents\work\programming\cpp\graphics\graphics\x64\debug\graphics.tlog\link-icx-cl-clang-cl-clang-offload-bundler.17520.read.1.tlog
c:\users\jagri\documents\work\programming\cpp\graphics\graphics\x64\debug\graphics.tlog\link-icx-cl-clang-cl-clang-offload-bundler.17520.write.1.tlog
c:\users\jagri\documents\work\programming\cpp\graphics\graphics\x64\debug\graphics.tlog\link-icx-cl-clang-cl-clang-offload-bundler.18292-llvm-objcopy.delete.1.tlog
c:\users\jagri\documents\work\programming\cpp\graphics\graphics\x64\debug\graphics.tlog\link-icx-cl-clang-cl-clang-offload-bundler.18292-llvm-objcopy.read.1.tlog
c:\users\jagri\documents\work\programming\cpp\graphics\graphics\x64\debug\graphics.tlog\link-icx-cl-clang-cl-clang-offload-bundler.18292-llvm-objcopy.write.1.tlog
c:\users\jagri\documents\work\programming\cpp\graphics\graphics\x64\debug\graphics.tlog\link-icx-cl-clang-cl-clang-offload-bundler.18292.read.1.tlog
c:\users\jagri\documents\work\programming\cpp\graphics\graphics\x64\debug\graphics.tlog\link-icx-cl-clang-cl-clang-offload-bundler.18292.write.1.tlog
c:\users\jagri\documents\work\programming\cpp\graphics\graphics\x64\debug\graphics.tlog\link-icx-cl-clang-cl-clang-offload-bundler.18360-llvm-objcopy.delete.1.tlog
c:\users\jagri\documents\work\programming\cpp\graphics\graphics\x64\debug\graphics.tlog\link-icx-cl-clang-cl-clang-offload-bundler.18360-llvm-objcopy.read.1.tlog
c:\users\jagri\documents\work\programming\cpp\graphics\graphics\x64\debug\graphics.tlog\link-icx-cl-clang-cl-clang-offload-bundler.18360-llvm-objcopy.write.1.tlog
c:\users\jagri\documents\work\programming\cpp\graphics\graphics\x64\debug\graphics.tlog\link-icx-cl-clang-cl-clang-offload-bundler.18360.read.1.tlog
c:\users\jagri\documents\work\programming\cpp\graphics\graphics\x64\debug\graphics.tlog\link-icx-cl-clang-cl-clang-offload-bundler.18360.write.1.tlog
c:\users\jagri\documents\work\programming\cpp\graphics\graphics\x64\debug\graphics.tlog\link-icx-cl-clang-cl-clang-offload-bundler.23784.read.1.tlog
c:\users\jagri\documents\work\programming\cpp\graphics\graphics\x64\debug\graphics.tlog\link-icx-cl-clang-cl-clang-offload-bundler.24040-llvm-objcopy.delete.1.tlog
c:\users\jagri\documents\work\programming\cpp\graphics\graphics\x64\debug\graphics.tlog\link-icx-cl-clang-cl-clang-offload-bundler.24040-llvm-objcopy.read.1.tlog
c:\users\jagri\documents\work\programming\cpp\graphics\graphics\x64\debug\graphics.tlog\link-icx-cl-clang-cl-clang-offload-bundler.24040-llvm-objcopy.write.1.tlog
c:\users\jagri\documents\work\programming\cpp\graphics\graphics\x64\debug\graphics.tlog\link-icx-cl-clang-cl-clang-offload-bundler.24040.read.1.tlog
c:\users\jagri\documents\work\programming\cpp\graphics\graphics\x64\debug\graphics.tlog\link-icx-cl-clang-cl-clang-offload-bundler.24040.write.1.tlog
c:\users\jagri\documents\work\programming\cpp\graphics\graphics\x64\debug\graphics.tlog\link-icx-cl-clang-cl-clang-offload-bundler.24244-llvm-objcopy.delete.1.tlog
c:\users\jagri\documents\work\programming\cpp\graphics\graphics\x64\debug\graphics.tlog\link-icx-cl-clang-cl-clang-offload-bundler.24244-llvm-objcopy.read.1.tlog
c:\users\jagri\documents\work\programming\cpp\graphics\graphics\x64\debug\graphics.tlog\link-icx-cl-clang-cl-clang-offload-bundler.24244-llvm-objcopy.write.1.tlog
c:\users\jagri\documents\work\programming\cpp\graphics\graphics\x64\debug\graphics.tlog\link-icx-cl-clang-cl-clang-offload-bundler.24244.read.1.tlog
c:\users\jagri\documents\work\programming\cpp\graphics\graphics\x64\debug\graphics.tlog\link-icx-cl-clang-cl-clang-offload-bundler.24244.write.1.tlog
c:\users\jagri\documents\work\programming\cpp\graphics\graphics\x64\debug\graphics.tlog\link-icx-cl-clang-cl-clang-offload-bundler.24604-llvm-objcopy.delete.1.tlog
c:\users\jagri\documents\work\programming\cpp\graphics\graphics\x64\debug\graphics.tlog\link-icx-cl-clang-cl-clang-offload-bundler.24604-llvm-objcopy.read.1.tlog
c:\users\jagri\documents\work\programming\cpp\graphics\graphics\x64\debug\graphics.tlog\link-icx-cl-clang-cl-clang-offload-bundler.24604-llvm-objcopy.write.1.tlog
c:\users\jagri\documents\work\programming\cpp\graphics\graphics\x64\debug\graphics.tlog\link-icx-cl-clang-cl-clang-offload-bundler.24604.read.1.tlog
c:\users\jagri\documents\work\programming\cpp\graphics\graphics\x64\debug\graphics.tlog\link-icx-cl-clang-cl-clang-offload-bundler.24604.write.1.tlog
c:\users\jagri\documents\work\programming\cpp\graphics\graphics\x64\debug\graphics.tlog\link-icx-cl-clang-cl-clang-offload-bundler.24896.read.1.tlog
c:\users\jagri\documents\work\programming\cpp\graphics\graphics\x64\debug\graphics.tlog\link-icx-cl-clang-cl-clang-offload-bundler.25288-llvm-objcopy.delete.1.tlog
c:\users\jagri\documents\work\programming\cpp\graphics\graphics\x64\debug\graphics.tlog\link-icx-cl-clang-cl-clang-offload-bundler.25288-llvm-objcopy.read.1.tlog
c:\users\jagri\documents\work\programming\cpp\graphics\graphics\x64\debug\graphics.tlog\link-icx-cl-clang-cl-clang-offload-bundler.25288-llvm-objcopy.write.1.tlog
c:\users\jagri\documents\work\programming\cpp\graphics\graphics\x64\debug\graphics.tlog\link-icx-cl-clang-cl-clang-offload-bundler.25288.read.1.tlog
c:\users\jagri\documents\work\programming\cpp\graphics\graphics\x64\debug\graphics.tlog\link-icx-cl-clang-cl-clang-offload-bundler.25288.write.1.tlog
c:\users\jagri\documents\work\programming\cpp\graphics\graphics\x64\debug\graphics.tlog\link-icx-cl-clang-cl-clang-offload-bundler.25992.read.1.tlog
c:\users\jagri\documents\work\programming\cpp\graphics\graphics\x64\debug\graphics.tlog\link-icx-cl-clang-cl-clang-offload-bundler.26348-llvm-objcopy.delete.1.tlog
c:\users\jagri\documents\work\programming\cpp\graphics\graphics\x64\debug\graphics.tlog\link-icx-cl-clang-cl-clang-offload-bundler.26348-llvm-objcopy.read.1.tlog
c:\users\jagri\documents\work\programming\cpp\graphics\graphics\x64\debug\graphics.tlog\link-icx-cl-clang-cl-clang-offload-bundler.26348-llvm-objcopy.write.1.tlog
c:\users\jagri\documents\work\programming\cpp\graphics\graphics\x64\debug\graphics.tlog\link-icx-cl-clang-cl-clang-offload-bundler.26348.read.1.tlog
c:\users\jagri\documents\work\programming\cpp\graphics\graphics\x64\debug\graphics.tlog\link-icx-cl-clang-cl-clang-offload-bundler.26348.write.1.tlog
c:\users\jagri\documents\work\programming\cpp\graphics\graphics\x64\debug\graphics.tlog\link-icx-cl-clang-cl-clang-offload-bundler.27112-llvm-objcopy.delete.1.tlog
c:\users\jagri\documents\work\programming\cpp\graphics\graphics\x64\debug\graphics.tlog\link-icx-cl-clang-cl-clang-offload-bundler.27112-llvm-objcopy.read.1.tlog
c:\users\jagri\documents\work\programming\cpp\graphics\graphics\x64\debug\graphics.tlog\link-icx-cl-clang-cl-clang-offload-bundler.27112-llvm-objcopy.write.1.tlog
c:\users\jagri\documents\work\programming\cpp\graphics\graphics\x64\debug\graphics.tlog\link-icx-cl-clang-cl-clang-offload-bundler.27112.read.1.tlog
c:\users\jagri\documents\work\programming\cpp\graphics\graphics\x64\debug\graphics.tlog\link-icx-cl-clang-cl-clang-offload-bundler.27112.write.1.tlog
c:\users\jagri\documents\work\programming\cpp\graphics\graphics\x64\debug\graphics.tlog\link-icx-cl-clang-cl-clang-offload-bundler.27216-llvm-objcopy.delete.1.tlog
c:\users\jagri\documents\work\programming\cpp\graphics\graphics\x64\debug\graphics.tlog\link-icx-cl-clang-cl-clang-offload-bundler.27216-llvm-objcopy.read.1.tlog
c:\users\jagri\documents\work\programming\cpp\graphics\graphics\x64\debug\graphics.tlog\link-icx-cl-clang-cl-clang-offload-bundler.27216-llvm-objcopy.write.1.tlog
c:\users\jagri\documents\work\programming\cpp\graphics\graphics\x64\debug\graphics.tlog\link-icx-cl-clang-cl-clang-offload-bundler.27216.read.1.tlog
c:\users\jagri\documents\work\programming\cpp\graphics\graphics\x64\debug\graphics.tlog\link-icx-cl-clang-cl-clang-offload-bundler.27216.write.1.tlog
c:\users\jagri\documents\work\programming\cpp\graphics\graphics\x64\debug\graphics.tlog\link-icx-cl-clang-cl-clang-offload-bundler.27420.read.1.tlog
c:\users\jagri\documents\work\programming\cpp\graphics\graphics\x64\debug\graphics.tlog\link-icx-cl-clang-cl-clang-offload-bundler.2796.read.1.tlog
c:\users\jagri\documents\work\programming\cpp\graphics\graphics\x64\debug\graphics.tlog\link-icx-cl-clang-cl-clang-offload-bundler.28216.read.1.tlog
c:\users\jagri\documents\work\programming\cpp\graphics\graphics\x64\debug\graphics.tlog\link-icx-cl-clang-cl-clang-offload-bundler.28284-llvm-objcopy.delete.1.tlog
c:\users\jagri\documents\work\programming\cpp\graphics\graphics\x64\debug\graphics.tlog\link-icx-cl-clang-cl-clang-offload-bundler.28284-llvm-objcopy.read.1.tlog
c:\users\jagri\documents\work\programming\cpp\graphics\graphics\x64\debug\graphics.tlog\link-icx-cl-clang-cl-clang-offload-bundler.28284-llvm-objcopy.write.1.tlog
c:\users\jagri\documents\work\programming\cpp\graphics\graphics\x64\debug\graphics.tlog\link-icx-cl-clang-cl-clang-offload-bundler.28284.read.1.tlog
c:\users\jagri\documents\work\programming\cpp\graphics\graphics\x64\debug\graphics.tlog\link-icx-cl-clang-cl-clang-offload-bundler.28284.write.1.tlog
c:\users\jagri\documents\work\programming\cpp\graphics\graphics\x64\debug\graphics.tlog\link-icx-cl-clang-cl-clang-offload-bundler.28736.read.1.tlog
c:\users\jagri\documents\work\programming\cpp\graphics\graphics\x64\debug\graphics.tlog\link-icx-cl-clang-cl-clang-offload-bundler.28792-llvm-objcopy.delete.1.tlog
c:\users\jagri\documents\work\programming\cpp\graphics\graphics\x64\debug\graphics.tlog\link-icx-cl-clang-cl-clang-offload-bundler.28792-llvm-objcopy.read.1.tlog
c:\users\jagri\documents\work\programming\cpp\graphics\graphics\x64\debug\graphics.tlog\link-icx-cl-clang-cl-clang-offload-bundler.28792-llvm-objcopy.write.1.tlog
c:\users\jagri\documents\work\programming\cpp\graphics\graphics\x64\debug\graphics.tlog\link-icx-cl-clang-cl-clang-offload-bundler.28792.read.1.tlog
c:\users\jagri\documents\work\programming\cpp\graphics\graphics\x64\debug\graphics.tlog\link-icx-cl-clang-cl-clang-offload-bundler.28792.write.1.tlog
c:\users\jagri\documents\work\programming\cpp\graphics\graphics\x64\debug\graphics.tlog\link-icx-cl-clang-cl-clang-offload-bundler.29920-llvm-objcopy.delete.1.tlog
c:\users\jagri\documents\work\programming\cpp\graphics\graphics\x64\debug\graphics.tlog\link-icx-cl-clang-cl-clang-offload-bundler.29920-llvm-objcopy.read.1.tlog
c:\users\jagri\documents\work\programming\cpp\graphics\graphics\x64\debug\graphics.tlog\link-icx-cl-clang-cl-clang-offload-bundler.29920-llvm-objcopy.write.1.tlog
c:\users\jagri\documents\work\programming\cpp\graphics\graphics\x64\debug\graphics.tlog\link-icx-cl-clang-cl-clang-offload-bundler.29920.read.1.tlog
c:\users\jagri\documents\work\programming\cpp\graphics\graphics\x64\debug\graphics.tlog\link-icx-cl-clang-cl-clang-offload-bundler.29920.write.1.tlog
c:\users\jagri\documents\work\programming\cpp\graphics\graphics\x64\debug\graphics.tlog\link-icx-cl-clang-cl-clang-offload-bundler.30536.read.1.tlog
c:\users\jagri\documents\work\programming\cpp\graphics\graphics\x64\debug\graphics.tlog\link-icx-cl-clang-cl-clang-offload-bundler.32360.read.1.tlog
c:\users\jagri\documents\work\programming\cpp\graphics\graphics\x64\debug\graphics.tlog\link-icx-cl-clang-cl-clang-offload-bundler.35356-llvm-objcopy.delete.1.tlog
c:\users\jagri\documents\work\programming\cpp\graphics\graphics\x64\debug\graphics.tlog\link-icx-cl-clang-cl-clang-offload-bundler.35356-llvm-objcopy.read.1.tlog
c:\users\jagri\documents\work\programming\cpp\graphics\graphics\x64\debug\graphics.tlog\link-icx-cl-clang-cl-clang-offload-bundler.35356-llvm-objcopy.write.1.tlog
c:\users\jagri\documents\work\programming\cpp\graphics\graphics\x64\debug\graphics.tlog\link-icx-cl-clang-cl-clang-offload-bundler.35356.read.1.tlog
c:\users\jagri\documents\work\programming\cpp\graphics\graphics\x64\debug\graphics.tlog\link-icx-cl-clang-cl-clang-offload-bundler.35356.write.1.tlog
c:\users\jagri\documents\work\programming\cpp\graphics\graphics\x64\debug\graphics.tlog\link-icx-cl-clang-cl-clang-offload-bundler.35392-llvm-objcopy.delete.1.tlog
c:\users\jagri\documents\work\programming\cpp\graphics\graphics\x64\debug\graphics.tlog\link-icx-cl-clang-cl-clang-offload-bundler.35392-llvm-objcopy.read.1.tlog
c:\users\jagri\documents\work\programming\cpp\graphics\graphics\x64\debug\graphics.tlog\link-icx-cl-clang-cl-clang-offload-bundler.35392-llvm-objcopy.write.1.tlog
c:\users\jagri\documents\work\programming\cpp\graphics\graphics\x64\debug\graphics.tlog\link-icx-cl-clang-cl-clang-offload-bundler.35392.read.1.tlog
c:\users\jagri\documents\work\programming\cpp\graphics\graphics\x64\debug\graphics.tlog\link-icx-cl-clang-cl-clang-offload-bundler.35392.write.1.tlog
c:\users\jagri\documents\work\programming\cpp\graphics\graphics\x64\debug\graphics.tlog\link-icx-cl-clang-cl-clang-offload-bundler.35668.read.1.tlog
c:\users\jagri\documents\work\programming\cpp\graphics\graphics\x64\debug\graphics.tlog\link-icx-cl-clang-cl-clang-offload-bundler.35980.read.1.tlog
c:\users\jagri\documents\work\programming\cpp\graphics\graphics\x64\debug\graphics.tlog\link-icx-cl-clang-cl-clang-offload-bundler.36364.read.1.tlog
c:\users\jagri\documents\work\programming\cpp\graphics\graphics\x64\debug\graphics.tlog\link-icx-cl-clang-cl-clang-offload-bundler.36412.read.1.tlog
c:\users\jagri\documents\work\programming\cpp\graphics\graphics\x64\debug\graphics.tlog\link-icx-cl-clang-cl-clang-offload-bundler.36780.read.1.tlog
c:\users\jagri\documents\work\programming\cpp\graphics\graphics\x64\debug\graphics.tlog\link-icx-cl-clang-cl-clang-offload-bundler.37296-llvm-objcopy.delete.1.tlog
c:\users\jagri\documents\work\programming\cpp\graphics\graphics\x64\debug\graphics.tlog\link-icx-cl-clang-cl-clang-offload-bundler.37296-llvm-objcopy.read.1.tlog
c:\users\jagri\documents\work\programming\cpp\graphics\graphics\x64\debug\graphics.tlog\link-icx-cl-clang-cl-clang-offload-bundler.37296-llvm-objcopy.write.1.tlog
c:\users\jagri\documents\work\programming\cpp\graphics\graphics\x64\debug\graphics.tlog\link-icx-cl-clang-cl-clang-offload-bundler.37296.read.1.tlog
c:\users\jagri\documents\work\programming\cpp\graphics\graphics\x64\debug\graphics.tlog\link-icx-cl-clang-cl-clang-offload-bundler.37296.write.1.tlog
c:\users\jagri\documents\work\programming\cpp\graphics\graphics\x64\debug\graphics.tlog\link-icx-cl-clang-cl-clang-offload-bundler.37476-llvm-objcopy.delete.1.tlog
c:\users\jagri\documents\work\programming\cpp\graphics\graphics\x64\debug\graphics.tlog\link-icx-cl-clang-cl-clang-offload-bundler.37476-llvm-objcopy.read.1.tlog
c:\users\jagri\documents\work\programming\cpp\graphics\graphics\x64\debug\graphics.tlog\link-icx-cl-clang-cl-clang-offload-bundler.37476-llvm-objcopy.write.1.tlog
c:\users\jagri\documents\work\programming\cpp\graphics\graphics\x64\debug\graphics.tlog\link-icx-cl-clang-cl-clang-offload-bundler.37476.read.1.tlog
c:\users\jagri\documents\work\programming\cpp\graphics\graphics\x64\debug\graphics.tlog\link-icx-cl-clang-cl-clang-offload-bundler.37476.write.1.tlog
c:\users\jagri\documents\work\programming\cpp\graphics\graphics\x64\debug\graphics.tlog\link-icx-cl-clang-cl-clang-offload-bundler.37792.read.1.tlog
c:\users\jagri\documents\work\programming\cpp\graphics\graphics\x64\debug\graphics.tlog\link-icx-cl-clang-cl-clang-offload-bundler.38336.read.1.tlog
c:\users\jagri\documents\work\programming\cpp\graphics\graphics\x64\debug\graphics.tlog\link-icx-cl-clang-cl-clang-offload-bundler.39388-llvm-objcopy.delete.1.tlog
c:\users\jagri\documents\work\programming\cpp\graphics\graphics\x64\debug\graphics.tlog\link-icx-cl-clang-cl-clang-offload-bundler.39388-llvm-objcopy.read.1.tlog
c:\users\jagri\documents\work\programming\cpp\graphics\graphics\x64\debug\graphics.tlog\link-icx-cl-clang-cl-clang-offload-bundler.39388-llvm-objcopy.write.1.tlog
c:\users\jagri\documents\work\programming\cpp\graphics\graphics\x64\debug\graphics.tlog\link-icx-cl-clang-cl-clang-offload-bundler.39388.read.1.tlog
c:\users\jagri\documents\work\programming\cpp\graphics\graphics\x64\debug\graphics.tlog\link-icx-cl-clang-cl-clang-offload-bundler.39388.write.1.tlog
c:\users\jagri\documents\work\programming\cpp\graphics\graphics\x64\debug\graphics.tlog\link-icx-cl-clang-cl-clang-offload-bundler.40512-llvm-objcopy.delete.1.tlog
c:\users\jagri\documents\work\programming\cpp\graphics\graphics\x64\debug\graphics.tlog\link-icx-cl-clang-cl-clang-offload-bundler.40512-llvm-objcopy.read.1.tlog
c:\users\jagri\documents\work\programming\cpp\graphics\graphics\x64\debug\graphics.tlog\link-icx-cl-clang-cl-clang-offload-bundler.40512-llvm-objcopy.write.1.tlog
c:\users\jagri\documents\work\programming\cpp\graphics\graphics\x64\debug\graphics.tlog\link-icx-cl-clang-cl-clang-offload-bundler.40512.read.1.tlog
c:\users\jagri\documents\work\programming\cpp\graphics\graphics\x64\debug\graphics.tlog\link-icx-cl-clang-cl-clang-offload-bundler.40512.write.1.tlog
c:\users\jagri\documents\work\programming\cpp\graphics\graphics\x64\debug\graphics.tlog\link-icx-cl-clang-cl-clang-offload-bundler.40560-llvm-objcopy.delete.1.tlog
c:\users\jagri\documents\work\programming\cpp\graphics\graphics\x64\debug\graphics.tlog\link-icx-cl-clang-cl-clang-offload-bundler.40560-llvm-objcopy.read.1.tlog
c:\users\jagri\documents\work\programming\cpp\graphics\graphics\x64\debug\graphics.tlog\link-icx-cl-clang-cl-clang-offload-bundler.40560-llvm-objcopy.write.1.tlog
c:\users\jagri\documents\work\programming\cpp\graphics\graphics\x64\debug\graphics.tlog\link-icx-cl-clang-cl-clang-offload-bundler.40560.read.1.tlog
c:\users\jagri\documents\work\programming\cpp\graphics\graphics\x64\debug\graphics.tlog\link-icx-cl-clang-cl-clang-offload-bundler.40560.write.1.tlog
c:\users\jagri\documents\work\programming\cpp\graphics\graphics\x64\debug\graphics.tlog\link-icx-cl-clang-cl-clang-offload-bundler.41732-llvm-objcopy.delete.1.tlog
c:\users\jagri\documents\work\programming\cpp\graphics\graphics\x64\debug\graphics.tlog\link-icx-cl-clang-cl-clang-offload-bundler.41732-llvm-objcopy.read.1.tlog
c:\users\jagri\documents\work\programming\cpp\graphics\graphics\x64\debug\graphics.tlog\link-icx-cl-clang-cl-clang-offload-bundler.41732-llvm-objcopy.write.1.tlog
c:\users\jagri\documents\work\programming\cpp\graphics\graphics\x64\debug\graphics.tlog\link-icx-cl-clang-cl-clang-offload-bundler.41732.read.1.tlog
c:\users\jagri\documents\work\programming\cpp\graphics\graphics\x64\debug\graphics.tlog\link-icx-cl-clang-cl-clang-offload-bundler.41732.write.1.tlog
c:\users\jagri\documents\work\programming\cpp\graphics\graphics\x64\debug\graphics.tlog\link-icx-cl-clang-cl-clang-offload-bundler.41976.read.1.tlog
c:\users\jagri\documents\work\programming\cpp\graphics\graphics\x64\debug\graphics.tlog\link-icx-cl-clang-cl-clang-offload-bundler.42484-llvm-objcopy.delete.1.tlog
c:\users\jagri\documents\work\programming\cpp\graphics\graphics\x64\debug\graphics.tlog\link-icx-cl-clang-cl-clang-offload-bundler.42484-llvm-objcopy.read.1.tlog
c:\users\jagri\documents\work\programming\cpp\graphics\graphics\x64\debug\graphics.tlog\link-icx-cl-clang-cl-clang-offload-bundler.42484-llvm-objcopy.write.1.tlog
c:\users\jagri\documents\work\programming\cpp\graphics\graphics\x64\debug\graphics.tlog\link-icx-cl-clang-cl-clang-offload-bundler.42484.read.1.tlog
c:\users\jagri\documents\work\programming\cpp\graphics\graphics\x64\debug\graphics.tlog\link-icx-cl-clang-cl-clang-offload-bundler.42484.write.1.tlog
c:\users\jagri\documents\work\programming\cpp\graphics\graphics\x64\debug\graphics.tlog\link-icx-cl-clang-cl-clang-offload-bundler.42860-llvm-objcopy.delete.1.tlog
c:\users\jagri\documents\work\programming\cpp\graphics\graphics\x64\debug\graphics.tlog\link-icx-cl-clang-cl-clang-offload-bundler.42860-llvm-objcopy.read.1.tlog
c:\users\jagri\documents\work\programming\cpp\graphics\graphics\x64\debug\graphics.tlog\link-icx-cl-clang-cl-clang-offload-bundler.42860-llvm-objcopy.write.1.tlog
c:\users\jagri\documents\work\programming\cpp\graphics\graphics\x64\debug\graphics.tlog\link-icx-cl-clang-cl-clang-offload-bundler.42860.read.1.tlog
c:\users\jagri\documents\work\programming\cpp\graphics\graphics\x64\debug\graphics.tlog\link-icx-cl-clang-cl-clang-offload-bundler.42860.write.1.tlog
c:\users\jagri\documents\work\programming\cpp\graphics\graphics\x64\debug\graphics.tlog\link-icx-cl-clang-cl-clang-offload-bundler.43800.read.1.tlog
c:\users\jagri\documents\work\programming\cpp\graphics\graphics\x64\debug\graphics.tlog\link-icx-cl-clang-cl-clang-offload-bundler.43868.read.1.tlog
c:\users\jagri\documents\work\programming\cpp\graphics\graphics\x64\debug\graphics.tlog\link-icx-cl-clang-cl-clang-offload-bundler.44144.read.1.tlog
c:\users\jagri\documents\work\programming\cpp\graphics\graphics\x64\debug\graphics.tlog\link-icx-cl-clang-cl-clang-offload-bundler.44908.read.1.tlog
c:\users\jagri\documents\work\programming\cpp\graphics\graphics\x64\debug\graphics.tlog\link-icx-cl-clang-cl-clang-offload-bundler.45380.read.1.tlog
c:\users\jagri\documents\work\programming\cpp\graphics\graphics\x64\debug\graphics.tlog\link-icx-cl-clang-cl-clang-offload-bundler.45952-llvm-objcopy.delete.1.tlog
c:\users\jagri\documents\work\programming\cpp\graphics\graphics\x64\debug\graphics.tlog\link-icx-cl-clang-cl-clang-offload-bundler.45952-llvm-objcopy.read.1.tlog
c:\users\jagri\documents\work\programming\cpp\graphics\graphics\x64\debug\graphics.tlog\link-icx-cl-clang-cl-clang-offload-bundler.45952-llvm-objcopy.write.1.tlog
c:\users\jagri\documents\work\programming\cpp\graphics\graphics\x64\debug\graphics.tlog\link-icx-cl-clang-cl-clang-offload-bundler.45952.read.1.tlog
c:\users\jagri\documents\work\programming\cpp\graphics\graphics\x64\debug\graphics.tlog\link-icx-cl-clang-cl-clang-offload-bundler.45952.write.1.tlog
c:\users\jagri\documents\work\programming\cpp\graphics\graphics\x64\debug\graphics.tlog\link-icx-cl-clang-cl-clang-offload-bundler.46176.read.1.tlog
c:\users\jagri\documents\work\programming\cpp\graphics\graphics\x64\debug\graphics.tlog\link-icx-cl-clang-cl-clang-offload-bundler.47216.read.1.tlog
c:\users\jagri\documents\work\programming\cpp\graphics\graphics\x64\debug\graphics.tlog\link-icx-cl-clang-cl-clang-offload-bundler.47360.read.1.tlog
c:\users\jagri\documents\work\programming\cpp\graphics\graphics\x64\debug\graphics.tlog\link-icx-cl-clang-cl-clang-offload-bundler.49500-llvm-objcopy.delete.1.tlog
c:\users\jagri\documents\work\programming\cpp\graphics\graphics\x64\debug\graphics.tlog\link-icx-cl-clang-cl-clang-offload-bundler.49500-llvm-objcopy.read.1.tlog
c:\users\jagri\documents\work\programming\cpp\graphics\graphics\x64\debug\graphics.tlog\link-icx-cl-clang-cl-clang-offload-bundler.49500-llvm-objcopy.write.1.tlog
c:\users\jagri\documents\work\programming\cpp\graphics\graphics\x64\debug\graphics.tlog\link-icx-cl-clang-cl-clang-offload-bundler.49500.read.1.tlog
c:\users\jagri\documents\work\programming\cpp\graphics\graphics\x64\debug\graphics.tlog\link-icx-cl-clang-cl-clang-offload-bundler.49500.write.1.tlog
c:\users\jagri\documents\work\programming\cpp\graphics\graphics\x64\debug\graphics.tlog\link-icx-cl-clang-cl-clang-offload-bundler.50200-llvm-objcopy.delete.1.tlog
c:\users\jagri\documents\work\programming\cpp\graphics\graphics\x64\debug\graphics.tlog\link-icx-cl-clang-cl-clang-offload-bundler.50200-llvm-objcopy.read.1.tlog
c:\users\jagri\documents\work\programming\cpp\graphics\graphics\x64\debug\graphics.tlog\link-icx-cl-clang-cl-clang-offload-bundler.50200-llvm-objcopy.write.1.tlog
c:\users\jagri\documents\work\programming\cpp\graphics\graphics\x64\debug\graphics.tlog\link-icx-cl-clang-cl-clang-offload-bundler.50200.read.1.tlog
c:\users\jagri\documents\work\programming\cpp\graphics\graphics\x64\debug\graphics.tlog\link-icx-cl-clang-cl-clang-offload-bundler.50200.write.1.tlog
c:\users\jagri\documents\work\programming\cpp\graphics\graphics\x64\debug\graphics.tlog\link-icx-cl-clang-cl-clang-offload-bundler.50480.read.1.tlog
c:\users\jagri\documents\work\programming\cpp\graphics\graphics\x64\debug\graphics.tlog\link-icx-cl-clang-cl-clang-offload-bundler.5344.read.1.tlog
c:\users\jagri\documents\work\programming\cpp\graphics\graphics\x64\debug\graphics.tlog\link-icx-cl-clang-cl-clang-offload-bundler.53576.read.1.tlog
c:\users\jagri\documents\work\programming\cpp\graphics\graphics\x64\debug\graphics.tlog\link-icx-cl-clang-cl-clang-offload-bundler.54092-llvm-objcopy.delete.1.tlog
c:\users\jagri\documents\work\programming\cpp\graphics\graphics\x64\debug\graphics.tlog\link-icx-cl-clang-cl-clang-offload-bundler.54092-llvm-objcopy.read.1.tlog
c:\users\jagri\documents\work\programming\cpp\graphics\graphics\x64\debug\graphics.tlog\link-icx-cl-clang-cl-clang-offload-bundler.54092-llvm-objcopy.write.1.tlog
c:\users\jagri\documents\work\programming\cpp\graphics\graphics\x64\debug\graphics.tlog\link-icx-cl-clang-cl-clang-offload-bundler.54092.read.1.tlog
c:\users\jagri\documents\work\programming\cpp\graphics\graphics\x64\debug\graphics.tlog\link-icx-cl-clang-cl-clang-offload-bundler.54092.write.1.tlog
c:\users\jagri\documents\work\programming\cpp\graphics\graphics\x64\debug\graphics.tlog\link-icx-cl-clang-cl-clang-offload-bundler.54916-llvm-objcopy.delete.1.tlog
c:\users\jagri\documents\work\programming\cpp\graphics\graphics\x64\debug\graphics.tlog\link-icx-cl-clang-cl-clang-offload-bundler.54916-llvm-objcopy.read.1.tlog
c:\users\jagri\documents\work\programming\cpp\graphics\graphics\x64\debug\graphics.tlog\link-icx-cl-clang-cl-clang-offload-bundler.54916-llvm-objcopy.write.1.tlog
c:\users\jagri\documents\work\programming\cpp\graphics\graphics\x64\debug\graphics.tlog\link-icx-cl-clang-cl-clang-offload-bundler.54916.read.1.tlog
c:\users\jagri\documents\work\programming\cpp\graphics\graphics\x64\debug\graphics.tlog\link-icx-cl-clang-cl-clang-offload-bundler.54916.write.1.tlog
c:\users\jagri\documents\work\programming\cpp\graphics\graphics\x64\debug\graphics.tlog\link-icx-cl-clang-cl-clang-offload-bundler.56440.read.1.tlog
c:\users\jagri\documents\work\programming\cpp\graphics\graphics\x64\debug\graphics.tlog\link-icx-cl-clang-cl-clang-offload-bundler.56700-llvm-objcopy.delete.1.tlog
c:\users\jagri\documents\work\programming\cpp\graphics\graphics\x64\debug\graphics.tlog\link-icx-cl-clang-cl-clang-offload-bundler.56700-llvm-objcopy.read.1.tlog
c:\users\jagri\documents\work\programming\cpp\graphics\graphics\x64\debug\graphics.tlog\link-icx-cl-clang-cl-clang-offload-bundler.56700-llvm-objcopy.write.1.tlog
c:\users\jagri\documents\work\programming\cpp\graphics\graphics\x64\debug\graphics.tlog\link-icx-cl-clang-cl-clang-offload-bundler.56700.read.1.tlog
c:\users\jagri\documents\work\programming\cpp\graphics\graphics\x64\debug\graphics.tlog\link-icx-cl-clang-cl-clang-offload-bundler.56700.write.1.tlog
c:\users\jagri\documents\work\programming\cpp\graphics\graphics\x64\debug\graphics.tlog\link-icx-cl-clang-cl-clang-offload-bundler.57080-llvm-objcopy.delete.1.tlog
c:\users\jagri\documents\work\programming\cpp\graphics\graphics\x64\debug\graphics.tlog\link-icx-cl-clang-cl-clang-offload-bundler.57080-llvm-objcopy.read.1.tlog
c:\users\jagri\documents\work\programming\cpp\graphics\graphics\x64\debug\graphics.tlog\link-icx-cl-clang-cl-clang-offload-bundler.57080-llvm-objcopy.write.1.tlog
c:\users\jagri\documents\work\programming\cpp\graphics\graphics\x64\debug\graphics.tlog\link-icx-cl-clang-cl-clang-offload-bundler.57080.read.1.tlog
c:\users\jagri\documents\work\programming\cpp\graphics\graphics\x64\debug\graphics.tlog\link-icx-cl-clang-cl-clang-offload-bundler.57080.write.1.tlog
c:\users\jagri\documents\work\programming\cpp\graphics\graphics\x64\debug\graphics.tlog\link-icx-cl-clang-cl-clang-offload-bundler.5912-llvm-objcopy.delete.1.tlog
c:\users\jagri\documents\work\programming\cpp\graphics\graphics\x64\debug\graphics.tlog\link-icx-cl-clang-cl-clang-offload-bundler.5912-llvm-objcopy.read.1.tlog
c:\users\jagri\documents\work\programming\cpp\graphics\graphics\x64\debug\graphics.tlog\link-icx-cl-clang-cl-clang-offload-bundler.5912-llvm-objcopy.write.1.tlog
c:\users\jagri\documents\work\programming\cpp\graphics\graphics\x64\debug\graphics.tlog\link-icx-cl-clang-cl-clang-offload-bundler.5912.read.1.tlog
c:\users\jagri\documents\work\programming\cpp\graphics\graphics\x64\debug\graphics.tlog\link-icx-cl-clang-cl-clang-offload-bundler.5912.write.1.tlog
c:\users\jagri\documents\work\programming\cpp\graphics\graphics\x64\debug\graphics.tlog\link-icx-cl-clang-cl-clang-offload-bundler.59552.read.1.tlog
c:\users\jagri\documents\work\programming\cpp\graphics\graphics\x64\debug\graphics.tlog\link-icx-cl-clang-cl-clang-offload-bundler.60696.read.1.tlog
c:\users\jagri\documents\work\programming\cpp\graphics\graphics\x64\debug\graphics.tlog\link-icx-cl-clang-cl-clang-offload-bundler.60796.read.1.tlog
c:\users\jagri\documents\work\programming\cpp\graphics\graphics\x64\debug\graphics.tlog\link-icx-cl-clang-cl-clang-offload-bundler.62096.read.1.tlog
c:\users\jagri\documents\work\programming\cpp\graphics\graphics\x64\debug\graphics.tlog\link-icx-cl-clang-cl-clang-offload-bundler.62116-llvm-objcopy.delete.1.tlog
c:\users\jagri\documents\work\programming\cpp\graphics\graphics\x64\debug\graphics.tlog\link-icx-cl-clang-cl-clang-offload-bundler.62116-llvm-objcopy.read.1.tlog
c:\users\jagri\documents\work\programming\cpp\graphics\graphics\x64\debug\graphics.tlog\link-icx-cl-clang-cl-clang-offload-bundler.62116-llvm-objcopy.write.1.tlog
c:\users\jagri\documents\work\programming\cpp\graphics\graphics\x64\debug\graphics.tlog\link-icx-cl-clang-cl-clang-offload-bundler.62116.read.1.tlog
c:\users\jagri\documents\work\programming\cpp\graphics\graphics\x64\debug\graphics.tlog\link-icx-cl-clang-cl-clang-offload-bundler.62116.write.1.tlog
c:\users\jagri\documents\work\programming\cpp\graphics\graphics\x64\debug\graphics.tlog\link-icx-cl-clang-cl-clang-offload-bundler.63728-llvm-objcopy.delete.1.tlog
c:\users\jagri\documents\work\programming\cpp\graphics\graphics\x64\debug\graphics.tlog\link-icx-cl-clang-cl-clang-offload-bundler.63728-llvm-objcopy.read.1.tlog
c:\users\jagri\documents\work\programming\cpp\graphics\graphics\x64\debug\graphics.tlog\link-icx-cl-clang-cl-clang-offload-bundler.63728-llvm-objcopy.write.1.tlog
c:\users\jagri\documents\work\programming\cpp\graphics\graphics\x64\debug\graphics.tlog\link-icx-cl-clang-cl-clang-offload-bundler.63728.read.1.tlog
c:\users\jagri\documents\work\programming\cpp\graphics\graphics\x64\debug\graphics.tlog\link-icx-cl-clang-cl-clang-offload-bundler.63728.write.1.tlog
c:\users\jagri\documents\work\programming\cpp\graphics\graphics\x64\debug\graphics.tlog\link-icx-cl-clang-cl-clang-offload-bundler.63812-llvm-objcopy.delete.1.tlog
c:\users\jagri\documents\work\programming\cpp\graphics\graphics\x64\debug\graphics.tlog\link-icx-cl-clang-cl-clang-offload-bundler.63812-llvm-objcopy.read.1.tlog
c:\users\jagri\documents\work\programming\cpp\graphics\graphics\x64\debug\graphics.tlog\link-icx-cl-clang-cl-clang-offload-bundler.63812-llvm-objcopy.write.1.tlog
c:\users\jagri\documents\work\programming\cpp\graphics\graphics\x64\debug\graphics.tlog\link-icx-cl-clang-cl-clang-offload-bundler.63812.read.1.tlog
c:\users\jagri\documents\work\programming\cpp\graphics\graphics\x64\debug\graphics.tlog\link-icx-cl-clang-cl-clang-offload-bundler.63812.write.1.tlog
c:\users\jagri\documents\work\programming\cpp\graphics\graphics\x64\debug\graphics.tlog\link-icx-cl-clang-cl-clang-offload-bundler.63824.read.1.tlog
c:\users\jagri\documents\work\programming\cpp\graphics\graphics\x64\debug\graphics.tlog\link-icx-cl-clang-cl-clang-offload-bundler.64240.read.1.tlog
c:\users\jagri\documents\work\programming\cpp\graphics\graphics\x64\debug\graphics.tlog\link-icx-cl-clang-cl-clang-offload-bundler.64408.read.1.tlog
c:\users\jagri\documents\work\programming\cpp\graphics\graphics\x64\debug\graphics.tlog\link-icx-cl-clang-cl-clang-offload-bundler.64540.read.1.tlog
c:\users\jagri\documents\work\programming\cpp\graphics\graphics\x64\debug\graphics.tlog\link-icx-cl-clang-cl-clang-offload-bundler.65384.read.1.tlog
c:\users\jagri\documents\work\programming\cpp\graphics\graphics\x64\debug\graphics.tlog\link-icx-cl-clang-cl-clang-offload-bundler.65504-llvm-objcopy.delete.1.tlog
c:\users\jagri\documents\work\programming\cpp\graphics\graphics\x64\debug\graphics.tlog\link-icx-cl-clang-cl-clang-offload-bundler.65504-llvm-objcopy.read.1.tlog
c:\users\jagri\documents\work\programming\cpp\graphics\graphics\x64\debug\graphics.tlog\link-icx-cl-clang-cl-clang-offload-bundler.65504-llvm-objcopy.write.1.tlog
c:\users\jagri\documents\work\programming\cpp\graphics\graphics\x64\debug\graphics.tlog\link-icx-cl-clang-cl-clang-offload-bundler.65504.read.1.tlog
c:\users\jagri\documents\work\programming\cpp\graphics\graphics\x64\debug\graphics.tlog\link-icx-cl-clang-cl-clang-offload-bundler.65504.write.1.tlog
c:\users\jagri\documents\work\programming\cpp\graphics\graphics\x64\debug\graphics.tlog\link-icx-cl-clang-cl-clang-offload-bundler.65928-llvm-objcopy.delete.1.tlog
c:\users\jagri\documents\work\programming\cpp\graphics\graphics\x64\debug\graphics.tlog\link-icx-cl-clang-cl-clang-offload-bundler.65928-llvm-objcopy.read.1.tlog
c:\users\jagri\documents\work\programming\cpp\graphics\graphics\x64\debug\graphics.tlog\link-icx-cl-clang-cl-clang-offload-bundler.65928-llvm-objcopy.write.1.tlog
c:\users\jagri\documents\work\programming\cpp\graphics\graphics\x64\debug\graphics.tlog\link-icx-cl-clang-cl-clang-offload-bundler.65928.read.1.tlog
c:\users\jagri\documents\work\programming\cpp\graphics\graphics\x64\debug\graphics.tlog\link-icx-cl-clang-cl-clang-offload-bundler.65928.write.1.tlog
c:\users\jagri\documents\work\programming\cpp\graphics\graphics\x64\debug\graphics.tlog\link-icx-cl-clang-cl-clang-offload-bundler.66400-llvm-objcopy.delete.1.tlog
c:\users\jagri\documents\work\programming\cpp\graphics\graphics\x64\debug\graphics.tlog\link-icx-cl-clang-cl-clang-offload-bundler.66400-llvm-objcopy.read.1.tlog
c:\users\jagri\documents\work\programming\cpp\graphics\graphics\x64\debug\graphics.tlog\link-icx-cl-clang-cl-clang-offload-bundler.66400-llvm-objcopy.write.1.tlog
c:\users\jagri\documents\work\programming\cpp\graphics\graphics\x64\debug\graphics.tlog\link-icx-cl-clang-cl-clang-offload-bundler.66400.read.1.tlog
c:\users\jagri\documents\work\programming\cpp\graphics\graphics\x64\debug\graphics.tlog\link-icx-cl-clang-cl-clang-offload-bundler.66400.write.1.tlog
c:\users\jagri\documents\work\programming\cpp\graphics\graphics\x64\debug\graphics.tlog\link-icx-cl-clang-cl-clang-offload-bundler.66836-llvm-objcopy.delete.1.tlog
c:\users\jagri\documents\work\programming\cpp\graphics\graphics\x64\debug\graphics.tlog\link-icx-cl-clang-cl-clang-offload-bundler.66836-llvm-objcopy.read.1.tlog
c:\users\jagri\documents\work\programming\cpp\graphics\graphics\x64\debug\graphics.tlog\link-icx-cl-clang-cl-clang-offload-bundler.66836-llvm-objcopy.write.1.tlog
c:\users\jagri\documents\work\programming\cpp\graphics\graphics\x64\debug\graphics.tlog\link-icx-cl-clang-cl-clang-offload-bundler.66836.read.1.tlog
c:\users\jagri\documents\work\programming\cpp\graphics\graphics\x64\debug\graphics.tlog\link-icx-cl-clang-cl-clang-offload-bundler.66836.write.1.tlog
c:\users\jagri\documents\work\programming\cpp\graphics\graphics\x64\debug\graphics.tlog\link-icx-cl-clang-cl-clang-offload-bundler.66952.read.1.tlog
c:\users\jagri\documents\work\programming\cpp\graphics\graphics\x64\debug\graphics.tlog\link-icx-cl-clang-cl-clang-offload-bundler.67588.read.1.tlog
c:\users\jagri\documents\work\programming\cpp\graphics\graphics\x64\debug\graphics.tlog\link-icx-cl-clang-cl-clang-offload-bundler.67656.read.1.tlog
c:\users\jagri\documents\work\programming\cpp\graphics\graphics\x64\debug\graphics.tlog\link-icx-cl-clang-cl-clang-offload-bundler.68032-llvm-objcopy.delete.1.tlog
c:\users\jagri\documents\work\programming\cpp\graphics\graphics\x64\debug\graphics.tlog\link-icx-cl-clang-cl-clang-offload-bundler.68032-llvm-objcopy.read.1.tlog
c:\users\jagri\documents\work\programming\cpp\graphics\graphics\x64\debug\graphics.tlog\link-icx-cl-clang-cl-clang-offload-bundler.68032-llvm-objcopy.write.1.tlog
c:\users\jagri\documents\work\programming\cpp\graphics\graphics\x64\debug\graphics.tlog\link-icx-cl-clang-cl-clang-offload-bundler.68032.read.1.tlog
c:\users\jagri\documents\work\programming\cpp\graphics\graphics\x64\debug\graphics.tlog\link-icx-cl-clang-cl-clang-offload-bundler.68032.write.1.tlog
c:\users\jagri\documents\work\programming\cpp\graphics\graphics\x64\debug\graphics.tlog\link-icx-cl-clang-cl-clang-offload-bundler.68728.read.1.tlog
c:\users\jagri\documents\work\programming\cpp\graphics\graphics\x64\debug\graphics.tlog\link-icx-cl-clang-cl-clang-offload-bundler.6904-llvm-objcopy.delete.1.tlog
c:\users\jagri\documents\work\programming\cpp\graphics\graphics\x64\debug\graphics.tlog\link-icx-cl-clang-cl-clang-offload-bundler.6904-llvm-objcopy.read.1.tlog
c:\users\jagri\documents\work\programming\cpp\graphics\graphics\x64\debug\graphics.tlog\link-icx-cl-clang-cl-clang-offload-bundler.6904-llvm-objcopy.write.1.tlog
c:\users\jagri\documents\work\programming\cpp\graphics\graphics\x64\debug\graphics.tlog\link-icx-cl-clang-cl-clang-offload-bundler.6904.read.1.tlog
c:\users\jagri\documents\work\programming\cpp\graphics\graphics\x64\debug\graphics.tlog\link-icx-cl-clang-cl-clang-offload-bundler.6904.write.1.tlog
c:\users\jagri\documents\work\programming\cpp\graphics\graphics\x64\debug\graphics.tlog\link-icx-cl-clang-cl-clang-offload-bundler.69160-llvm-objcopy.delete.1.tlog
c:\users\jagri\documents\work\programming\cpp\graphics\graphics\x64\debug\graphics.tlog\link-icx-cl-clang-cl-clang-offload-bundler.69160-llvm-objcopy.read.1.tlog
c:\users\jagri\documents\work\programming\cpp\graphics\graphics\x64\debug\graphics.tlog\link-icx-cl-clang-cl-clang-offload-bundler.69160-llvm-objcopy.write.1.tlog
c:\users\jagri\documents\work\programming\cpp\graphics\graphics\x64\debug\graphics.tlog\link-icx-cl-clang-cl-clang-offload-bundler.69160.read.1.tlog
c:\users\jagri\documents\work\programming\cpp\graphics\graphics\x64\debug\graphics.tlog\link-icx-cl-clang-cl-clang-offload-bundler.69160.write.1.tlog
c:\users\jagri\documents\work\programming\cpp\graphics\graphics\x64\debug\graphics.tlog\link-icx-cl-clang-cl-clang-offload-bundler.70132-llvm-objcopy.delete.1.tlog
c:\users\jagri\documents\work\programming\cpp\graphics\graphics\x64\debug\graphics.tlog\link-icx-cl-clang-cl-clang-offload-bundler.70132-llvm-objcopy.read.1.tlog
c:\users\jagri\documents\work\programming\cpp\graphics\graphics\x64\debug\graphics.tlog\link-icx-cl-clang-cl-clang-offload-bundler.70132-llvm-objcopy.write.1.tlog
c:\users\jagri\documents\work\programming\cpp\graphics\graphics\x64\debug\graphics.tlog\link-icx-cl-clang-cl-clang-offload-bundler.70132.read.1.tlog
c:\users\jagri\documents\work\programming\cpp\graphics\graphics\x64\debug\graphics.tlog\link-icx-cl-clang-cl-clang-offload-bundler.70132.write.1.tlog
c:\users\jagri\documents\work\programming\cpp\graphics\graphics\x64\debug\graphics.tlog\link-icx-cl-clang-cl-clang-offload-bundler.71628-llvm-objcopy.delete.1.tlog
c:\users\jagri\documents\work\programming\cpp\graphics\graphics\x64\debug\graphics.tlog\link-icx-cl-clang-cl-clang-offload-bundler.71628-llvm-objcopy.read.1.tlog
c:\users\jagri\documents\work\programming\cpp\graphics\graphics\x64\debug\graphics.tlog\link-icx-cl-clang-cl-clang-offload-bundler.71628-llvm-objcopy.write.1.tlog
c:\users\jagri\documents\work\programming\cpp\graphics\graphics\x64\debug\graphics.tlog\link-icx-cl-clang-cl-clang-offload-bundler.71628.read.1.tlog
c:\users\jagri\documents\work\programming\cpp\graphics\graphics\x64\debug\graphics.tlog\link-icx-cl-clang-cl-clang-offload-bundler.71628.write.1.tlog
c:\users\jagri\documents\work\programming\cpp\graphics\graphics\x64\debug\graphics.tlog\link-icx-cl-clang-cl-clang-offload-bundler.71896-llvm-objcopy.delete.1.tlog
c:\users\jagri\documents\work\programming\cpp\graphics\graphics\x64\debug\graphics.tlog\link-icx-cl-clang-cl-clang-offload-bundler.71896-llvm-objcopy.read.1.tlog
c:\users\jagri\documents\work\programming\cpp\graphics\graphics\x64\debug\graphics.tlog\link-icx-cl-clang-cl-clang-offload-bundler.71896-llvm-objcopy.write.1.tlog
c:\users\jagri\documents\work\programming\cpp\graphics\graphics\x64\debug\graphics.tlog\link-icx-cl-clang-cl-clang-offload-bundler.71896.read.1.tlog
c:\users\jagri\documents\work\programming\cpp\graphics\graphics\x64\debug\graphics.tlog\link-icx-cl-clang-cl-clang-offload-bundler.71896.write.1.tlog
c:\users\jagri\documents\work\programming\cpp\graphics\graphics\x64\debug\graphics.tlog\link-icx-cl-clang-cl-clang-offload-bundler.74364.read.1.tlog
c:\users\jagri\documents\work\programming\cpp\graphics\graphics\x64\debug\graphics.tlog\link-icx-cl-clang-cl-clang-offload-bundler.76768.read.1.tlog
c:\users\jagri\documents\work\programming\cpp\graphics\graphics\x64\debug\graphics.tlog\link-icx-cl-clang-cl-clang-offload-bundler.77052-llvm-objcopy.delete.1.tlog
c:\users\jagri\documents\work\programming\cpp\graphics\graphics\x64\debug\graphics.tlog\link-icx-cl-clang-cl-clang-offload-bundler.77052-llvm-objcopy.read.1.tlog
c:\users\jagri\documents\work\programming\cpp\graphics\graphics\x64\debug\graphics.tlog\link-icx-cl-clang-cl-clang-offload-bundler.77052-llvm-objcopy.write.1.tlog
c:\users\jagri\documents\work\programming\cpp\graphics\graphics\x64\debug\graphics.tlog\link-icx-cl-clang-cl-clang-offload-bundler.77052.read.1.tlog
c:\users\jagri\documents\work\programming\cpp\graphics\graphics\x64\debug\graphics.tlog\link-icx-cl-clang-cl-clang-offload-bundler.77052.write.1.tlog
c:\users\jagri\documents\work\programming\cpp\graphics\graphics\x64\debug\graphics.tlog\link-icx-cl-clang-cl-clang-offload-bundler.77424.read.1.tlog
c:\users\jagri\documents\work\programming\cpp\graphics\graphics\x64\debug\graphics.tlog\link-icx-cl-clang-cl-clang-offload-bundler.78112-llvm-objcopy.delete.1.tlog
c:\users\jagri\documents\work\programming\cpp\graphics\graphics\x64\debug\graphics.tlog\link-icx-cl-clang-cl-clang-offload-bundler.78112-llvm-objcopy.read.1.tlog
c:\users\jagri\documents\work\programming\cpp\graphics\graphics\x64\debug\graphics.tlog\link-icx-cl-clang-cl-clang-offload-bundler.78112-llvm-objcopy.write.1.tlog
c:\users\jagri\documents\work\programming\cpp\graphics\graphics\x64\debug\graphics.tlog\link-icx-cl-clang-cl-clang-offload-bundler.78112.read.1.tlog
c:\users\jagri\documents\work\programming\cpp\graphics\graphics\x64\debug\graphics.tlog\link-icx-cl-clang-cl-clang-offload-bundler.78112.write.1.tlog
c:\users\jagri\documents\work\programming\cpp\graphics\graphics\x64\debug\graphics.tlog\link-icx-cl-clang-cl-clang-offload-bundler.78376-llvm-objcopy.delete.1.tlog
c:\users\jagri\documents\work\programming\cpp\graphics\graphics\x64\debug\graphics.tlog\link-icx-cl-clang-cl-clang-offload-bundler.78376-llvm-objcopy.read.1.tlog
c:\users\jagri\documents\work\programming\cpp\graphics\graphics\x64\debug\graphics.tlog\link-icx-cl-clang-cl-clang-offload-bundler.78376-llvm-objcopy.write.1.tlog
c:\users\jagri\documents\work\programming\cpp\graphics\graphics\x64\debug\graphics.tlog\link-icx-cl-clang-cl-clang-offload-bundler.78376.read.1.tlog
c:\users\jagri\documents\work\programming\cpp\graphics\graphics\x64\debug\graphics.tlog\link-icx-cl-clang-cl-clang-offload-bundler.78376.write.1.tlog
c:\users\jagri\documents\work\programming\cpp\graphics\graphics\x64\debug\graphics.tlog\link-icx-cl-clang-cl-clang-offload-bundler.78420-llvm-objcopy.delete.1.tlog
c:\users\jagri\documents\work\programming\cpp\graphics\graphics\x64\debug\graphics.tlog\link-icx-cl-clang-cl-clang-offload-bundler.78420-llvm-objcopy.read.1.tlog
c:\users\jagri\documents\work\programming\cpp\graphics\graphics\x64\debug\graphics.tlog\link-icx-cl-clang-cl-clang-offload-bundler.78420-llvm-objcopy.write.1.tlog
c:\users\jagri\documents\work\programming\cpp\graphics\graphics\x64\debug\graphics.tlog\link-icx-cl-clang-cl-clang-offload-bundler.78420.read.1.tlog
c:\users\jagri\documents\work\programming\cpp\graphics\graphics\x64\debug\graphics.tlog\link-icx-cl-clang-cl-clang-offload-bundler.78420.write.1.tlog
c:\users\jagri\documents\work\programming\cpp\graphics\graphics\x64\debug\graphics.tlog\link-icx-cl-clang-cl-clang-offload-bundler.80148-llvm-objcopy.delete.1.tlog
c:\users\jagri\documents\work\programming\cpp\graphics\graphics\x64\debug\graphics.tlog\link-icx-cl-clang-cl-clang-offload-bundler.80148-llvm-objcopy.read.1.tlog
c:\users\jagri\documents\work\programming\cpp\graphics\graphics\x64\debug\graphics.tlog\link-icx-cl-clang-cl-clang-offload-bundler.80148-llvm-objcopy.write.1.tlog
c:\users\jagri\documents\work\programming\cpp\graphics\graphics\x64\debug\graphics.tlog\link-icx-cl-clang-cl-clang-offload-bundler.80148.read.1.tlog
c:\users\jagri\documents\work\programming\cpp\graphics\graphics\x64\debug\graphics.tlog\link-icx-cl-clang-cl-clang-offload-bundler.80148.write.1.tlog
c:\users\jagri\documents\work\programming\cpp\graphics\graphics\x64\debug\graphics.tlog\link-icx-cl-clang-cl-clang-offload-bundler.80428-llvm-objcopy.delete.1.tlog
c:\users\jagri\documents\work\programming\cpp\graphics\graphics\x64\debug\graphics.tlog\link-icx-cl-clang-cl-clang-offload-bundler.80428-llvm-objcopy.read.1.tlog
c:\users\jagri\documents\work\programming\cpp\graphics\graphics\x64\debug\graphics.tlog\link-icx-cl-clang-cl-clang-offload-bundler.80428-llvm-objcopy.write.1.tlog
c:\users\jagri\documents\work\programming\cpp\graphics\graphics\x64\debug\graphics.tlog\link-icx-cl-clang-cl-clang-offload-bundler.80428.read.1.tlog
c:\users\jagri\documents\work\programming\cpp\graphics\graphics\x64\debug\graphics.tlog\link-icx-cl-clang-cl-clang-offload-bundler.80428.write.1.tlog
c:\users\jagri\documents\work\programming\cpp\graphics\graphics\x64\debug\graphics.tlog\link-icx-cl-clang-cl-clang-offload-bundler.81788.read.1.tlog
c:\users\jagri\documents\work\programming\cpp\graphics\graphics\x64\debug\graphics.tlog\link-icx-cl-clang-cl-clang-offload-bundler.82256-llvm-objcopy.delete.1.tlog
c:\users\jagri\documents\work\programming\cpp\graphics\graphics\x64\debug\graphics.tlog\link-icx-cl-clang-cl-clang-offload-bundler.82256-llvm-objcopy.read.1.tlog
c:\users\jagri\documents\work\programming\cpp\graphics\graphics\x64\debug\graphics.tlog\link-icx-cl-clang-cl-clang-offload-bundler.82256-llvm-objcopy.write.1.tlog
c:\users\jagri\documents\work\programming\cpp\graphics\graphics\x64\debug\graphics.tlog\link-icx-cl-clang-cl-clang-offload-bundler.82256.read.1.tlog
c:\users\jagri\documents\work\programming\cpp\graphics\graphics\x64\debug\graphics.tlog\link-icx-cl-clang-cl-clang-offload-bundler.82256.write.1.tlog
c:\users\jagri\documents\work\programming\cpp\graphics\graphics\x64\debug\graphics.tlog\link-icx-cl-clang-cl-clang-offload-bundler.83608.read.1.tlog
c:\users\jagri\documents\work\programming\cpp\graphics\graphics\x64\debug\graphics.tlog\link-icx-cl-clang-cl-clang-offload-bundler.read.1.tlog
c:\users\jagri\documents\work\programming\cpp\graphics\graphics\x64\debug\graphics.tlog\link-icx-cl-clang-cl-clang-offload-wrapper.read.1.tlog
c:\users\jagri\documents\work\programming\cpp\graphics\graphics\x64\debug\graphics.tlog\link-icx-cl-clang-cl-clang-offload-wrapper.write.1.tlog
c:\users\jagri\documents\work\programming\cpp\graphics\graphics\x64\debug\graphics.tlog\link-icx-cl-clang-cl-clang.delete.1.tlog
c:\users\jagri\documents\work\programming\cpp\graphics\graphics\x64\debug\graphics.tlog\link-icx-cl-clang-cl-clang.read.1.tlog
c:\users\jagri\documents\work\programming\cpp\graphics\graphics\x64\debug\graphics.tlog\link-icx-cl-clang-cl-clang.write.1.tlog
c:\users\jagri\documents\work\programming\cpp\graphics\graphics\x64\debug\graphics.tlog\link-icx-cl-clang-cl-file-table-tform.23044.read.1.tlog
c:\users\jagri\documents\work\programming\cpp\graphics\graphics\x64\debug\graphics.tlog\link-icx-cl-clang-cl-file-table-tform.23044.write.1.tlog
c:\users\jagri\documents\work\programming\cpp\graphics\graphics\x64\debug\graphics.tlog\link-icx-cl-clang-cl-file-table-tform.33124.read.1.tlog
c:\users\jagri\documents\work\programming\cpp\graphics\graphics\x64\debug\graphics.tlog\link-icx-cl-clang-cl-file-table-tform.33124.write.1.tlog
c:\users\jagri\documents\work\programming\cpp\graphics\graphics\x64\debug\graphics.tlog\link-icx-cl-clang-cl-file-table-tform.49680.read.1.tlog
c:\users\jagri\documents\work\programming\cpp\graphics\graphics\x64\debug\graphics.tlog\link-icx-cl-clang-cl-file-table-tform.49680.write.1.tlog
c:\users\jagri\documents\work\programming\cpp\graphics\graphics\x64\debug\graphics.tlog\link-icx-cl-clang-cl-file-table-tform.6112.read.1.tlog
c:\users\jagri\documents\work\programming\cpp\graphics\graphics\x64\debug\graphics.tlog\link-icx-cl-clang-cl-file-table-tform.6112.write.1.tlog
c:\users\jagri\documents\work\programming\cpp\graphics\graphics\x64\debug\graphics.tlog\link-icx-cl-clang-cl-file-table-tform.74368.read.1.tlog
c:\users\jagri\documents\work\programming\cpp\graphics\graphics\x64\debug\graphics.tlog\link-icx-cl-clang-cl-file-table-tform.74368.write.1.tlog
c:\users\jagri\documents\work\programming\cpp\graphics\graphics\x64\debug\graphics.tlog\link-icx-cl-clang-cl-file-table-tform.82172.read.1.tlog
c:\users\jagri\documents\work\programming\cpp\graphics\graphics\x64\debug\graphics.tlog\link-icx-cl-clang-cl-file-table-tform.82172.write.1.tlog
c:\users\jagri\documents\work\programming\cpp\graphics\graphics\x64\debug\graphics.tlog\link-icx-cl-clang-cl-file-table-tform.9028.read.1.tlog
c:\users\jagri\documents\work\programming\cpp\graphics\graphics\x64\debug\graphics.tlog\link-icx-cl-clang-cl-file-table-tform.9028.write.1.tlog
c:\users\jagri\documents\work\programming\cpp\graphics\graphics\x64\debug\graphics.tlog\link-icx-cl-clang-cl-file-table-tform.read.1.tlog
c:\users\jagri\documents\work\programming\cpp\graphics\graphics\x64\debug\graphics.tlog\link-icx-cl-clang-cl-file-table-tform.write.1.tlog
c:\users\jagri\documents\work\programming\cpp\graphics\graphics\x64\debug\graphics.tlog\link-icx-cl-clang-cl-link.16652.read.1.tlog
c:\users\jagri\documents\work\programming\cpp\graphics\graphics\x64\debug\graphics.tlog\link-icx-cl-clang-cl-link.16652.write.1.tlog
c:\users\jagri\documents\work\programming\cpp\graphics\graphics\x64\debug\graphics.tlog\link-icx-cl-clang-cl-link.25224.read.1.tlog
c:\users\jagri\documents\work\programming\cpp\graphics\graphics\x64\debug\graphics.tlog\link-icx-cl-clang-cl-link.25224.write.1.tlog
c:\users\jagri\documents\work\programming\cpp\graphics\graphics\x64\debug\graphics.tlog\link-icx-cl-clang-cl-link.40680.read.1.tlog
c:\users\jagri\documents\work\programming\cpp\graphics\graphics\x64\debug\graphics.tlog\link-icx-cl-clang-cl-link.40680.write.1.tlog
c:\users\jagri\documents\work\programming\cpp\graphics\graphics\x64\debug\graphics.tlog\link-icx-cl-clang-cl-link.59044.read.1.tlog
c:\users\jagri\documents\work\programming\cpp\graphics\graphics\x64\debug\graphics.tlog\link-icx-cl-clang-cl-link.59044.write.1.tlog
c:\users\jagri\documents\work\programming\cpp\graphics\graphics\x64\debug\graphics.tlog\link-icx-cl-clang-cl-link.60856.read.1.tlog
c:\users\jagri\documents\work\programming\cpp\graphics\graphics\x64\debug\graphics.tlog\link-icx-cl-clang-cl-link.60856.write.1.tlog
c:\users\jagri\documents\work\programming\cpp\graphics\graphics\x64\debug\graphics.tlog\link-icx-cl-clang-cl-link.72556.read.1.tlog
c:\users\jagri\documents\work\programming\cpp\graphics\graphics\x64\debug\graphics.tlog\link-icx-cl-clang-cl-link.72556.write.1.tlog
c:\users\jagri\documents\work\programming\cpp\graphics\graphics\x64\debug\graphics.tlog\link-icx-cl-clang-cl-link.read.1.tlog
c:\users\jagri\documents\work\programming\cpp\graphics\graphics\x64\debug\graphics.tlog\link-icx-cl-clang-cl-link.write.1.tlog
c:\users\jagri\documents\work\programming\cpp\graphics\graphics\x64\debug\graphics.tlog\link-icx-cl-clang-cl-llvm-foreach-llvm-spirv.read.1.tlog
c:\users\jagri\documents\work\programming\cpp\graphics\graphics\x64\debug\graphics.tlog\link-icx-cl-clang-cl-llvm-foreach-llvm-spirv.write.1.tlog
c:\users\jagri\documents\work\programming\cpp\graphics\graphics\x64\debug\graphics.tlog\link-icx-cl-clang-cl-llvm-foreach.read.1.tlog
c:\users\jagri\documents\work\programming\cpp\graphics\graphics\x64\debug\graphics.tlog\link-icx-cl-clang-cl-llvm-foreach.write.1.tlog
c:\users\jagri\documents\work\programming\cpp\graphics\graphics\x64\debug\graphics.tlog\link-icx-cl-clang-cl-llvm-link.16116.read.1.tlog
c:\users\jagri\documents\work\programming\cpp\graphics\graphics\x64\debug\graphics.tlog\link-icx-cl-clang-cl-llvm-link.16116.write.1.tlog
c:\users\jagri\documents\work\programming\cpp\graphics\graphics\x64\debug\graphics.tlog\link-icx-cl-clang-cl-llvm-link.17604.read.1.tlog
c:\users\jagri\documents\work\programming\cpp\graphics\graphics\x64\debug\graphics.tlog\link-icx-cl-clang-cl-llvm-link.17604.write.1.tlog
c:\users\jagri\documents\work\programming\cpp\graphics\graphics\x64\debug\graphics.tlog\link-icx-cl-clang-cl-llvm-link.26724.read.1.tlog
c:\users\jagri\documents\work\programming\cpp\graphics\graphics\x64\debug\graphics.tlog\link-icx-cl-clang-cl-llvm-link.26724.write.1.tlog
c:\users\jagri\documents\work\programming\cpp\graphics\graphics\x64\debug\graphics.tlog\link-icx-cl-clang-cl-llvm-link.40328.read.1.tlog
c:\users\jagri\documents\work\programming\cpp\graphics\graphics\x64\debug\graphics.tlog\link-icx-cl-clang-cl-llvm-link.40328.write.1.tlog
c:\users\jagri\documents\work\programming\cpp\graphics\graphics\x64\debug\graphics.tlog\link-icx-cl-clang-cl-llvm-link.42340.read.1.tlog
c:\users\jagri\documents\work\programming\cpp\graphics\graphics\x64\debug\graphics.tlog\link-icx-cl-clang-cl-llvm-link.42340.write.1.tlog
c:\users\jagri\documents\work\programming\cpp\graphics\graphics\x64\debug\graphics.tlog\link-icx-cl-clang-cl-llvm-link.68580.read.1.tlog
c:\users\jagri\documents\work\programming\cpp\graphics\graphics\x64\debug\graphics.tlog\link-icx-cl-clang-cl-llvm-link.68580.write.1.tlog
c:\users\jagri\documents\work\programming\cpp\graphics\graphics\x64\debug\graphics.tlog\link-icx-cl-clang-cl-llvm-link.7036.read.1.tlog
c:\users\jagri\documents\work\programming\cpp\graphics\graphics\x64\debug\graphics.tlog\link-icx-cl-clang-cl-llvm-link.7036.write.1.tlog
c:\users\jagri\documents\work\programming\cpp\graphics\graphics\x64\debug\graphics.tlog\link-icx-cl-clang-cl-llvm-link.read.1.tlog
c:\users\jagri\documents\work\programming\cpp\graphics\graphics\x64\debug\graphics.tlog\link-icx-cl-clang-cl-llvm-link.write.1.tlog
c:\users\jagri\documents\work\programming\cpp\graphics\graphics\x64\debug\graphics.tlog\link-icx-cl-clang-cl-spirv-to-ir-wrapper.14516.read.1.tlog
c:\users\jagri\documents\work\programming\cpp\graphics\graphics\x64\debug\graphics.tlog\link-icx-cl-clang-cl-spirv-to-ir-wrapper.14516.write.1.tlog
c:\users\jagri\documents\work\programming\cpp\graphics\graphics\x64\debug\graphics.tlog\link-icx-cl-clang-cl-spirv-to-ir-wrapper.15800.read.1.tlog
c:\users\jagri\documents\work\programming\cpp\graphics\graphics\x64\debug\graphics.tlog\link-icx-cl-clang-cl-spirv-to-ir-wrapper.15800.write.1.tlog
c:\users\jagri\documents\work\programming\cpp\graphics\graphics\x64\debug\graphics.tlog\link-icx-cl-clang-cl-spirv-to-ir-wrapper.16440.read.1.tlog
c:\users\jagri\documents\work\programming\cpp\graphics\graphics\x64\debug\graphics.tlog\link-icx-cl-clang-cl-spirv-to-ir-wrapper.16440.write.1.tlog
c:\users\jagri\documents\work\programming\cpp\graphics\graphics\x64\debug\graphics.tlog\link-icx-cl-clang-cl-spirv-to-ir-wrapper.2212.read.1.tlog
c:\users\jagri\documents\work\programming\cpp\graphics\graphics\x64\debug\graphics.tlog\link-icx-cl-clang-cl-spirv-to-ir-wrapper.2212.write.1.tlog
c:\users\jagri\documents\work\programming\cpp\graphics\graphics\x64\debug\graphics.tlog\link-icx-cl-clang-cl-spirv-to-ir-wrapper.27792.read.1.tlog
c:\users\jagri\documents\work\programming\cpp\graphics\graphics\x64\debug\graphics.tlog\link-icx-cl-clang-cl-spirv-to-ir-wrapper.27792.write.1.tlog
c:\users\jagri\documents\work\programming\cpp\graphics\graphics\x64\debug\graphics.tlog\link-icx-cl-clang-cl-spirv-to-ir-wrapper.34736.read.1.tlog
c:\users\jagri\documents\work\programming\cpp\graphics\graphics\x64\debug\graphics.tlog\link-icx-cl-clang-cl-spirv-to-ir-wrapper.34736.write.1.tlog
c:\users\jagri\documents\work\programming\cpp\graphics\graphics\x64\debug\graphics.tlog\link-icx-cl-clang-cl-spirv-to-ir-wrapper.35172.read.1.tlog
c:\users\jagri\documents\work\programming\cpp\graphics\graphics\x64\debug\graphics.tlog\link-icx-cl-clang-cl-spirv-to-ir-wrapper.35172.write.1.tlog
c:\users\jagri\documents\work\programming\cpp\graphics\graphics\x64\debug\graphics.tlog\link-icx-cl-clang-cl-spirv-to-ir-wrapper.4008.read.1.tlog
c:\users\jagri\documents\work\programming\cpp\graphics\graphics\x64\debug\graphics.tlog\link-icx-cl-clang-cl-spirv-to-ir-wrapper.4008.write.1.tlog
c:\users\jagri\documents\work\programming\cpp\graphics\graphics\x64\debug\graphics.tlog\link-icx-cl-clang-cl-spirv-to-ir-wrapper.41500.read.1.tlog
c:\users\jagri\documents\work\programming\cpp\graphics\graphics\x64\debug\graphics.tlog\link-icx-cl-clang-cl-spirv-to-ir-wrapper.41500.write.1.tlog
c:\users\jagri\documents\work\programming\cpp\graphics\graphics\x64\debug\graphics.tlog\link-icx-cl-clang-cl-spirv-to-ir-wrapper.46344.read.1.tlog
c:\users\jagri\documents\work\programming\cpp\graphics\graphics\x64\debug\graphics.tlog\link-icx-cl-clang-cl-spirv-to-ir-wrapper.46344.write.1.tlog
c:\users\jagri\documents\work\programming\cpp\graphics\graphics\x64\debug\graphics.tlog\link-icx-cl-clang-cl-spirv-to-ir-wrapper.47368.read.1.tlog
c:\users\jagri\documents\work\programming\cpp\graphics\graphics\x64\debug\graphics.tlog\link-icx-cl-clang-cl-spirv-to-ir-wrapper.47368.write.1.tlog
c:\users\jagri\documents\work\programming\cpp\graphics\graphics\x64\debug\graphics.tlog\link-icx-cl-clang-cl-spirv-to-ir-wrapper.47912.read.1.tlog
c:\users\jagri\documents\work\programming\cpp\graphics\graphics\x64\debug\graphics.tlog\link-icx-cl-clang-cl-spirv-to-ir-wrapper.47912.write.1.tlog
c:\users\jagri\documents\work\programming\cpp\graphics\graphics\x64\debug\graphics.tlog\link-icx-cl-clang-cl-spirv-to-ir-wrapper.48364.read.1.tlog
c:\users\jagri\documents\work\programming\cpp\graphics\graphics\x64\debug\graphics.tlog\link-icx-cl-clang-cl-spirv-to-ir-wrapper.48364.write.1.tlog
c:\users\jagri\documents\work\programming\cpp\graphics\graphics\x64\debug\graphics.tlog\link-icx-cl-clang-cl-spirv-to-ir-wrapper.59332.read.1.tlog
c:\users\jagri\documents\work\programming\cpp\graphics\graphics\x64\debug\graphics.tlog\link-icx-cl-clang-cl-spirv-to-ir-wrapper.59332.write.1.tlog
c:\users\jagri\documents\work\programming\cpp\graphics\graphics\x64\debug\graphics.tlog\link-icx-cl-clang-cl-spirv-to-ir-wrapper.62004.read.1.tlog
c:\users\jagri\documents\work\programming\cpp\graphics\graphics\x64\debug\graphics.tlog\link-icx-cl-clang-cl-spirv-to-ir-wrapper.62004.write.1.tlog
c:\users\jagri\documents\work\programming\cpp\graphics\graphics\x64\debug\graphics.tlog\link-icx-cl-clang-cl-spirv-to-ir-wrapper.68432.read.1.tlog
c:\users\jagri\documents\work\programming\cpp\graphics\graphics\x64\debug\graphics.tlog\link-icx-cl-clang-cl-spirv-to-ir-wrapper.68432.write.1.tlog
c:\users\jagri\documents\work\programming\cpp\graphics\graphics\x64\debug\graphics.tlog\link-icx-cl-clang-cl-spirv-to-ir-wrapper.74372.read.1.tlog
c:\users\jagri\documents\work\programming\cpp\graphics\graphics\x64\debug\graphics.tlog\link-icx-cl-clang-cl-spirv-to-ir-wrapper.74372.write.1.tlog
c:\users\jagri\documents\work\programming\cpp\graphics\graphics\x64\debug\graphics.tlog\link-icx-cl-clang-cl-spirv-to-ir-wrapper.76652.read.1.tlog
c:\users\jagri\documents\work\programming\cpp\graphics\graphics\x64\debug\graphics.tlog\link-icx-cl-clang-cl-spirv-to-ir-wrapper.76652.write.1.tlog
c:\users\jagri\documents\work\programming\cpp\graphics\graphics\x64\debug\graphics.tlog\link-icx-cl-clang-cl-spirv-to-ir-wrapper.78880.read.1.tlog
c:\users\jagri\documents\work\programming\cpp\graphics\graphics\x64\debug\graphics.tlog\link-icx-cl-clang-cl-spirv-to-ir-wrapper.78880.write.1.tlog
c:\users\jagri\documents\work\programming\cpp\graphics\graphics\x64\debug\graphics.tlog\link-icx-cl-clang-cl-spirv-to-ir-wrapper.80868.read.1.tlog
c:\users\jagri\documents\work\programming\cpp\graphics\graphics\x64\debug\graphics.tlog\link-icx-cl-clang-cl-spirv-to-ir-wrapper.80868.write.1.tlog
c:\users\jagri\documents\work\programming\cpp\graphics\graphics\x64\debug\graphics.tlog\link-icx-cl-clang-cl-spirv-to-ir-wrapper.81480.read.1.tlog
c:\users\jagri\documents\work\programming\cpp\graphics\graphics\x64\debug\graphics.tlog\link-icx-cl-clang-cl-spirv-to-ir-wrapper.81480.write.1.tlog
c:\users\jagri\documents\work\programming\cpp\graphics\graphics\x64\debug\graphics.tlog\link-icx-cl-clang-cl-spirv-to-ir-wrapper.read.1.tlog
c:\users\jagri\documents\work\programming\cpp\graphics\graphics\x64\debug\graphics.tlog\link-icx-cl-clang-cl-spirv-to-ir-wrapper.write.1.tlog
c:\users\jagri\documents\work\programming\cpp\graphics\graphics\x64\debug\graphics.tlog\link-icx-cl-clang-cl-sycl-post-link.read.1.tlog
c:\users\jagri\documents\work\programming\cpp\graphics\graphics\x64\debug\graphics.tlog\link-icx-cl-clang-cl-sycl-post-link.write.1.tlog
c:\users\jagri\documents\work\programming\cpp\graphics\graphics\x64\debug\graphics.tlog\link-icx-cl-clang-cl.read.1.tlog
c:\users\jagri\documents\work\programming\cpp\graphics\graphics\x64\debug\graphics.tlog\link-icx-cl-clang-cl.write.1.tlog
c:\users\jagri\documents\work\programming\cpp\graphics\graphics\x64\debug\graphics.tlog\link-icx-cl-link.command.1.tlog
c:\users\jagri\documents\work\programming\cpp\graphics\graphics\x64\debug\graphics.tlog\link-icx-cl.read.1.tlog
c:\users\jagri\documents\work\programming\cpp\graphics\graphics\x64\debug\graphics.tlog\link-icx-cl.write.1.tlog
c:\users\jagri\documents\work\programming\cpp\graphics\graphics\x64\debug\graphics.tlog\link.command.1.tlog
c:\users\jagri\documents\work\programming\cpp\graphics\graphics\x64\debug\graphics.tlog\link.read.1.tlog
c:\users\jagri\documents\work\programming\cpp\graphics\graphics\x64\debug\graphics.tlog\link.secondary.1.tlog
c:\users\jagri\documents\work\programming\cpp\graphics\graphics\x64\debug\graphics.tlog\link.write.1.tlog
